2023-08-08 14:46:50,357 [INFO] Activator:176 - 


2023-08-08 14:46:50,358 [INFO] Activator:177 - !SESSION log4j initialized
2023-08-08 14:46:54,239 [INFO] LogOutputStream:77 - [STDOUT_REDIRECT] 
2023-08-08 14:46:54,502 [ERROR] ConfigurationRetriever:142 - IOException on connection: artifactory.st.com
2023-08-08 14:46:54,503 [ERROR] ConfigurationRetriever:142 - IOException on connection: artifactory.st.com
2023-08-08 14:46:54,503 [ERROR] ConfigurationRetriever:142 - IOException on connection: artifactory.st.com
2023-08-08 14:46:56,331 [INFO] ApplicationProperties:184 - Using Application install path: C:\ST\STM32CubeIDE_1.11.2\STM32CubeIDE\plugins\com.st.stm32cube.common.mx_6.9.1.202307191849
2023-08-08 14:46:56,343 [INFO] DbMcusXml:78 - Set database path to: C:\ST\STM32CubeIDE_1.11.2\STM32CubeIDE\plugins\com.st.stm32cube.common.mx_6.9.1.202307191849\\db\/mcu/
2023-08-08 14:46:56,343 [INFO] ApiDb:274 - Set plugin database path to: C:\ST\STM32CubeIDE_1.11.2\STM32CubeIDE\plugins\com.st.stm32cube.common.mx_6.9.1.202307191849\\db\/plugins/boardmanager/
2023-08-08 14:46:56,343 [WARN] ApiDb:259 - Overriding images path with different value:  => C:\ST\STM32CubeIDE_1.11.2\STM32CubeIDE\plugins\com.st.stm32cube.common.mx_6.9.1.202307191849\\db\/plugins/mcufinder/images/
2023-08-08 14:46:57,258 [INFO] ApiDb:250 - Set database path to: C:\Users\David\.stmcufinder\plugins\mcufinder//mcu/
2023-08-08 14:46:57,259 [INFO] DbMcusAds:125 - Set database path to: C:\Users\David\.stmcufinder\plugins\mcufinder//mcu/
2023-08-08 14:46:57,261 [INFO] CrossReferenceDbSqlite:203 - Set database path to: C:\Users\David\.stmcufinder\plugins\mcufinder//mcu/cs/
2023-08-08 14:46:57,343 [INFO] RulesReader:64 - Compatibility file has been processed (293 Rules)
2023-08-08 14:46:57,409 [INFO] DbMcusXml:78 - Set database path to: C:\ST\STM32CubeIDE_1.11.2\STM32CubeIDE\plugins\com.st.stm32cube.common.mx_6.9.1.202307191849\\db\/mcu/
2023-08-08 14:46:57,409 [INFO] ApiDb:274 - Set plugin database path to: C:\ST\STM32CubeIDE_1.11.2\STM32CubeIDE\plugins\com.st.stm32cube.common.mx_6.9.1.202307191849\\db\/plugins/boardmanager/
2023-08-08 14:46:57,410 [INFO] ApiDb:261 - Set plugin images path to: C:\ST\STM32CubeIDE_1.11.2\STM32CubeIDE\plugins\com.st.stm32cube.common.mx_6.9.1.202307191849\\db\/plugins/mcufinder/images/
2023-08-08 14:46:57,410 [WARN] DbFile:41 - Overriding database path with different value: C:\Users\David\.stmcufinder\plugins\mcufinder/ => C:\Users\David\.stmcufinder\plugins\mcufinder
2023-08-08 14:46:57,410 [INFO] ApiDb:250 - Set database path to: C:\Users\David\.stmcufinder\plugins\mcufinder//mcu/
2023-08-08 14:46:57,410 [WARN] DbFile:41 - Overriding database path with different value: C:\Users\David\.stmcufinder\plugins\mcufinder/ => C:\Users\David\.stmcufinder\plugins\mcufinder
2023-08-08 14:46:57,410 [INFO] DbMcusAds:125 - Set database path to: C:\Users\David\.stmcufinder\plugins\mcufinder//mcu/
2023-08-08 14:46:57,410 [WARN] DbFile:41 - Overriding database path with different value: C:\Users\David\.stmcufinder\plugins\mcufinder/ => C:\Users\David\.stmcufinder\plugins\mcufinder
2023-08-08 14:46:57,410 [WARN] DbFile:41 - Overriding database path with different value: C:\Users\David\.stmcufinder\plugins\mcufinder/ => C:\Users\David\.stmcufinder\plugins\mcufinder
2023-08-08 14:46:57,410 [INFO] CrossReferenceDbSqlite:203 - Set database path to: C:\Users\David\.stmcufinder\plugins\mcufinder//mcu/cs/
2023-08-08 14:46:57,466 [INFO] MainPanel:262 - HeapMemory: 268435456
2023-08-08 14:46:57,507 [ERROR] ConfigurationRetriever:142 - IOException on connection: artifactory.st.com
2023-08-08 14:46:57,508 [ERROR] ConfigurationRetriever:142 - IOException on connection: artifactory.st.com
2023-08-08 14:46:57,508 [ERROR] ConfigurationRetriever:142 - IOException on connection: artifactory.st.com
2023-08-08 14:46:57,530 [INFO] DbMcusXml:78 - Set database path to: C:\ST\STM32CubeIDE_1.11.2\STM32CubeIDE\plugins\com.st.stm32cube.common.mx_6.9.1.202307191849\\db\/mcu/
2023-08-08 14:46:57,530 [INFO] ApiDb:274 - Set plugin database path to: C:\ST\STM32CubeIDE_1.11.2\STM32CubeIDE\plugins\com.st.stm32cube.common.mx_6.9.1.202307191849\\db\/plugins/boardmanager/
2023-08-08 14:46:57,530 [INFO] ApiDb:261 - Set plugin images path to: C:\ST\STM32CubeIDE_1.11.2\STM32CubeIDE\plugins\com.st.stm32cube.common.mx_6.9.1.202307191849\\db\/plugins/mcufinder/images/
2023-08-08 14:46:57,530 [WARN] DbFile:41 - Overriding database path with different value: C:\Users\David\.stmcufinder\plugins\mcufinder/ => C:\Users\David\.stmcufinder\plugins\mcufinder
2023-08-08 14:46:57,530 [INFO] ApiDb:250 - Set database path to: C:\Users\David\.stmcufinder\plugins\mcufinder//mcu/
2023-08-08 14:46:57,530 [WARN] DbFile:41 - Overriding database path with different value: C:\Users\David\.stmcufinder\plugins\mcufinder/ => C:\Users\David\.stmcufinder\plugins\mcufinder
2023-08-08 14:46:57,531 [INFO] DbMcusAds:125 - Set database path to: C:\Users\David\.stmcufinder\plugins\mcufinder//mcu/
2023-08-08 14:46:57,531 [WARN] DbFile:41 - Overriding database path with different value: C:\Users\David\.stmcufinder\plugins\mcufinder/ => C:\Users\David\.stmcufinder\plugins\mcufinder
2023-08-08 14:46:57,531 [WARN] DbFile:41 - Overriding database path with different value: C:\Users\David\.stmcufinder\plugins\mcufinder/ => C:\Users\David\.stmcufinder\plugins\mcufinder
2023-08-08 14:46:57,531 [INFO] CrossReferenceDbSqlite:203 - Set database path to: C:\Users\David\.stmcufinder\plugins\mcufinder//mcu/cs/
2023-08-08 14:46:57,545 [INFO] ApplicationProperties:184 - Using Application install path: C:\ST\STM32CubeIDE_1.11.2\STM32CubeIDE\plugins\com.st.stm32cube.common.mx_6.9.1.202307191849
2023-08-08 14:46:57,547 [INFO] PluginManage:196 - Search for loadable plugins [exclusion list=, ]
2023-08-08 14:46:57,548 [INFO] PluginManage:310 - Check plugin analytics
2023-08-08 14:46:57,669 [INFO] AnalyticsPlugin:253 - Accepted Software Licenses: 
2023-08-08 14:46:57,670 [INFO] AnalyticsPlugin:255 - Accepted CMSIS Pack Licenses: AL94.I-CUBE-USBD-COMPOSITE.1.0.3
2023-08-08 14:46:57,670 [INFO] AnalyticsPlugin:257 - Accepted Firmware Licenses: FW.F4.1.27.0
2023-08-08 14:46:57,672 [INFO] PluginManage:359 - Loaded plugin analytics (category:tool,tabindex:-1)
2023-08-08 14:46:57,673 [INFO] PluginManage:310 - Check plugin cadmodel
2023-08-08 14:46:57,684 [INFO] CADModel:105 - Init CAD model plugin
2023-08-08 14:46:57,684 [INFO] PluginManage:359 - Loaded plugin cadmodel (category:power,tabindex:5)
2023-08-08 14:46:57,684 [INFO] PluginManage:310 - Check plugin clock
2023-08-08 14:46:57,699 [INFO] PluginManage:359 - Loaded plugin clock (category:base,tabindex:2)
2023-08-08 14:46:57,700 [INFO] PluginManage:310 - Check plugin ddr
2023-08-08 14:46:57,701 [INFO] PluginManage:359 - Loaded plugin ddr (category:tool,tabindex:6)
2023-08-08 14:46:57,701 [INFO] PluginManage:310 - Check plugin filemanager
2023-08-08 14:46:57,809 [INFO] PluginManage:359 - Loaded plugin filemanager (category:base,tabindex:10)
2023-08-08 14:46:57,809 [INFO] PluginManage:310 - Check plugin ipmanager
2023-08-08 14:46:57,814 [INFO] PluginManage:359 - Loaded plugin ipmanager (category:base,tabindex:5)
2023-08-08 14:46:57,814 [INFO] PluginManage:310 - Check plugin lpbam
2023-08-08 14:46:57,829 [INFO] PluginManage:359 - Loaded plugin lpbam (category:base,tabindex:0)
2023-08-08 14:46:57,829 [INFO] PluginManage:310 - Check plugin memorymap
2023-08-08 14:46:57,844 [INFO] PluginManage:359 - Loaded plugin memorymap (category:base,tabindex:4)
2023-08-08 14:46:57,844 [INFO] PluginManage:310 - Check plugin pinoutandconfiguration
2023-08-08 14:46:57,858 [INFO] PluginManage:359 - Loaded plugin pinoutandconfiguration (category:base,tabindex:1)
2023-08-08 14:46:57,858 [INFO] PluginManage:310 - Check plugin pinoutconfig
2023-08-08 14:46:57,941 [WARN] SupportedApi:132 - Cannot load RTOS API schema: s4s-elt-must-match.1: The content of 'definitions' must match (annotation?, (simpleType | complexType)?, (unique | key | keyref)*)). A problem was found starting at: attribute.
2023-08-08 14:46:58,051 [INFO] PluginManage:359 - Loaded plugin pinoutconfig (category:base,tabindex:0)
2023-08-08 14:46:58,053 [INFO] PluginManage:310 - Check plugin power
2023-08-08 14:46:58,065 [INFO] PluginManage:359 - Loaded plugin power (category:power,tabindex:4)
2023-08-08 14:46:58,065 [INFO] PluginManage:310 - Check plugin projectmanager
2023-08-08 14:46:58,077 [INFO] PluginManage:359 - Loaded plugin projectmanager (category:projectmanager,tabindex:3)
2023-08-08 14:46:58,077 [INFO] PluginManage:310 - Check plugin thirdparty
2023-08-08 14:46:58,273 [INFO] PluginManage:359 - Loaded plugin thirdparty (category:base,tabindex:-1)
2023-08-08 14:46:58,273 [WARN] IntegrityCheckThread:84 - waiting for thirdparty lock release [integrity check]
2023-08-08 14:46:58,273 [INFO] PluginManage:310 - Check plugin tools
2023-08-08 14:46:58,273 [INFO] IntegrityCheckThread:86 - entering critical section [integrity check]
2023-08-08 14:46:58,273 [INFO] ThirdPartyUpdaterWithRetryManager:70 - Updater plugin not ready yet. [1/15]
2023-08-08 14:46:58,298 [INFO] PluginManage:359 - Loaded plugin tools (category:base,tabindex:7)
2023-08-08 14:46:58,298 [INFO] PluginManage:310 - Check plugin tutovideos
2023-08-08 14:46:58,421 [INFO] PluginManage:359 - Loaded plugin tutovideos (category:base,tabindex:-1)
2023-08-08 14:46:58,421 [INFO] PluginManage:310 - Check plugin updater
2023-08-08 14:46:58,428 [INFO] PluginManage:359 - Loaded plugin updater (category:base,tabindex:12)
2023-08-08 14:46:58,428 [INFO] PluginManage:310 - Check plugin userauth
2023-08-08 14:46:58,431 [INFO] UserAuth:113 - Init User Auth plugin
2023-08-08 14:46:58,431 [INFO] PluginManage:359 - Loaded plugin userauth (category:base,tabindex:14)
2023-08-08 14:46:58,432 [INFO] PluginManage:283 - PluginManage : Loaded plugins [17]
2023-08-08 14:46:58,588 [INFO] PinOutPanel:1499 - setPackage(No Configuration,No Configuration)
2023-08-08 14:46:58,661 [INFO] CADModel:165 - CPN selected for project level
2023-08-08 14:46:58,661 [INFO] CADModel:114 - Register for checkConnection events
2023-08-08 14:46:58,683 [INFO] IPUIPlugin:80 - create IPUIPlugin
2023-08-08 14:46:58,683 [INFO] PluginManager:220 - loadIPPluginJar : add adc
2023-08-08 14:46:58,713 [INFO] IPUIPlugin:80 - create IPUIPlugin
2023-08-08 14:46:58,713 [INFO] PluginManager:220 - loadIPPluginJar : add aes
2023-08-08 14:46:58,747 [INFO] IPUIPlugin:80 - create IPUIPlugin
2023-08-08 14:46:58,747 [INFO] PluginManager:220 - loadIPPluginJar : add can
2023-08-08 14:46:58,767 [INFO] IPUIPlugin:80 - create IPUIPlugin
2023-08-08 14:46:58,767 [INFO] PluginManager:220 - loadIPPluginJar : add comp
2023-08-08 14:46:58,801 [INFO] IPUIPlugin:80 - create IPUIPlugin
2023-08-08 14:46:58,801 [INFO] PluginManager:220 - loadIPPluginJar : add cryp
2023-08-08 14:46:58,826 [INFO] IPUIPlugin:80 - create IPUIPlugin
2023-08-08 14:46:58,826 [INFO] PluginManager:220 - loadIPPluginJar : add dfsdm
2023-08-08 14:46:58,837 [INFO] IPUIPlugin:80 - create IPUIPlugin
2023-08-08 14:46:58,837 [INFO] PluginManager:220 - loadIPPluginJar : add dma
2023-08-08 14:46:58,889 [INFO] IPUIPlugin:80 - create IPUIPlugin
2023-08-08 14:46:58,889 [INFO] PluginManager:220 - loadIPPluginJar : add dma3
2023-08-08 14:46:58,914 [INFO] IPUIPlugin:80 - create IPUIPlugin
2023-08-08 14:46:58,915 [INFO] PluginManager:220 - loadIPPluginJar : add fatfs
2023-08-08 14:46:58,966 [INFO] IPUIPlugin:80 - create IPUIPlugin
2023-08-08 14:46:58,966 [INFO] PluginManager:220 - loadIPPluginJar : add fmc
2023-08-08 14:46:58,983 [INFO] IPUIPlugin:80 - create IPUIPlugin
2023-08-08 14:46:58,983 [INFO] PluginManager:220 - loadIPPluginJar : add freertos
2023-08-08 14:46:59,006 [INFO] IPUIPlugin:80 - create IPUIPlugin
2023-08-08 14:46:59,006 [INFO] PluginManager:220 - loadIPPluginJar : add genericplugin
2023-08-08 14:46:59,117 [INFO] IPUIPlugin:80 - create IPUIPlugin
2023-08-08 14:46:59,117 [INFO] PluginManager:220 - loadIPPluginJar : add gfxmmu
2023-08-08 14:46:59,249 [INFO] IPUIPlugin:80 - create IPUIPlugin
2023-08-08 14:46:59,249 [INFO] PluginManager:220 - loadIPPluginJar : add gic
2023-08-08 14:46:59,258 [INFO] IPUIPlugin:80 - create IPUIPlugin
2023-08-08 14:46:59,258 [INFO] PluginManager:220 - loadIPPluginJar : add gpio
2023-08-08 14:46:59,329 [INFO] IPUIPlugin:80 - create IPUIPlugin
2023-08-08 14:46:59,329 [INFO] PluginManager:220 - loadIPPluginJar : add gtzc
2023-08-08 14:46:59,352 [INFO] IPUIPlugin:80 - create IPUIPlugin
2023-08-08 14:46:59,353 [INFO] PluginManager:220 - loadIPPluginJar : add hash
2023-08-08 14:46:59,390 [INFO] IPUIPlugin:80 - create IPUIPlugin
2023-08-08 14:46:59,390 [INFO] PluginManager:220 - loadIPPluginJar : add i2c
2023-08-08 14:46:59,418 [INFO] IPUIPlugin:80 - create IPUIPlugin
2023-08-08 14:46:59,418 [INFO] PluginManager:220 - loadIPPluginJar : add i2s
2023-08-08 14:46:59,448 [INFO] IPUIPlugin:80 - create IPUIPlugin
2023-08-08 14:46:59,448 [INFO] PluginManager:220 - loadIPPluginJar : add i3c
2023-08-08 14:46:59,529 [INFO] IPUIPlugin:80 - create IPUIPlugin
2023-08-08 14:46:59,529 [INFO] PluginManager:220 - loadIPPluginJar : add ipddr
2023-08-08 14:46:59,601 [INFO] IPUIPlugin:80 - create IPUIPlugin
2023-08-08 14:46:59,601 [INFO] PluginManager:220 - loadIPPluginJar : add linkedlist
2023-08-08 14:46:59,629 [INFO] IPUIPlugin:80 - create IPUIPlugin
2023-08-08 14:46:59,629 [INFO] PluginManager:220 - loadIPPluginJar : add lorawan
2023-08-08 14:46:59,658 [INFO] IPUIPlugin:80 - create IPUIPlugin
2023-08-08 14:46:59,658 [INFO] PluginManager:220 - loadIPPluginJar : add ltdc
2023-08-08 14:46:59,668 [INFO] IPUIPlugin:80 - create IPUIPlugin
2023-08-08 14:46:59,668 [INFO] PluginManager:220 - loadIPPluginJar : add mdma
2023-08-08 14:46:59,678 [INFO] IPUIPlugin:80 - create IPUIPlugin
2023-08-08 14:46:59,678 [INFO] PluginManager:220 - loadIPPluginJar : add nvic
2023-08-08 14:46:59,708 [INFO] IPUIPlugin:80 - create IPUIPlugin
2023-08-08 14:46:59,708 [INFO] PluginManager:220 - loadIPPluginJar : add opamp
2023-08-08 14:46:59,753 [INFO] IPUIPlugin:80 - create IPUIPlugin
2023-08-08 14:46:59,753 [INFO] PluginManager:220 - loadIPPluginJar : add openamp
2023-08-08 14:46:59,785 [INFO] IPUIPlugin:80 - create IPUIPlugin
2023-08-08 14:46:59,785 [INFO] PluginManager:220 - loadIPPluginJar : add pdm2pcm
2023-08-08 14:46:59,795 [INFO] IPUIPlugin:80 - create IPUIPlugin
2023-08-08 14:46:59,797 [INFO] PluginManager:220 - loadIPPluginJar : add plateformsettings
2023-08-08 14:46:59,813 [INFO] IPUIPlugin:80 - create IPUIPlugin
2023-08-08 14:46:59,813 [INFO] PluginManager:220 - loadIPPluginJar : add quadspi
2023-08-08 14:46:59,824 [INFO] IPUIPlugin:80 - create IPUIPlugin
2023-08-08 14:46:59,824 [INFO] PluginManager:220 - loadIPPluginJar : add resmgrutility
2023-08-08 14:46:59,860 [INFO] IPUIPlugin:80 - create IPUIPlugin
2023-08-08 14:46:59,860 [INFO] PluginManager:220 - loadIPPluginJar : add sai
2023-08-08 14:46:59,893 [INFO] IPUIPlugin:80 - create IPUIPlugin
2023-08-08 14:46:59,893 [INFO] PluginManager:220 - loadIPPluginJar : add spi
2023-08-08 14:46:59,935 [INFO] IPUIPlugin:80 - create IPUIPlugin
2023-08-08 14:46:59,935 [INFO] PluginManager:220 - loadIPPluginJar : add stm32_wpan
2023-08-08 14:46:59,951 [INFO] IPUIPlugin:80 - create IPUIPlugin
2023-08-08 14:46:59,953 [INFO] PluginManager:220 - loadIPPluginJar : add tim
2023-08-08 14:46:59,994 [INFO] IPUIPlugin:80 - create IPUIPlugin
2023-08-08 14:46:59,994 [INFO] PluginManager:220 - loadIPPluginJar : add touchsensing
2023-08-08 14:47:00,010 [INFO] IPUIPlugin:80 - create IPUIPlugin
2023-08-08 14:47:00,010 [INFO] PluginManager:220 - loadIPPluginJar : add tracer_emb
2023-08-08 14:47:00,029 [INFO] IPUIPlugin:80 - create IPUIPlugin
2023-08-08 14:47:00,029 [INFO] PluginManager:220 - loadIPPluginJar : add ts
2023-08-08 14:47:00,045 [INFO] IPUIPlugin:80 - create IPUIPlugin
2023-08-08 14:47:00,045 [INFO] PluginManager:220 - loadIPPluginJar : add tsc
2023-08-08 14:47:00,063 [INFO] IPUIPlugin:80 - create IPUIPlugin
2023-08-08 14:47:00,063 [INFO] PluginManager:220 - loadIPPluginJar : add ucpd
2023-08-08 14:47:00,096 [INFO] IPUIPlugin:80 - create IPUIPlugin
2023-08-08 14:47:00,097 [INFO] PluginManager:220 - loadIPPluginJar : add usart
2023-08-08 14:47:00,130 [INFO] IPUIPlugin:80 - create IPUIPlugin
2023-08-08 14:47:00,130 [INFO] PluginManager:220 - loadIPPluginJar : add usbx
2023-08-08 14:47:00,241 [INFO] CADModel:165 - CPN selected for project level
2023-08-08 14:47:00,241 [INFO] CADModel:114 - Register for checkConnection events
2023-08-08 14:47:00,241 [FATAL] Updater:308 - Updater called before beeing initialized
2023-08-08 14:47:00,241 [ERROR] CADModel:125 - Updater not yet initialized, retry later 
2023-08-08 14:47:00,344 [INFO] CADModel:165 - CPN selected for project level
2023-08-08 14:47:00,344 [INFO] CADModel:114 - Register for checkConnection events
2023-08-08 14:47:00,344 [FATAL] Updater:308 - Updater called before beeing initialized
2023-08-08 14:47:00,345 [ERROR] CADModel:125 - Updater not yet initialized, retry later 
2023-08-08 14:47:00,347 [FATAL] Updater:308 - Updater called before beeing initialized
2023-08-08 14:47:00,421 [FATAL] Updater:308 - Updater called before beeing initialized
2023-08-08 14:47:00,426 [INFO] DbMcusAds:53 - JSON generation date=Thu Sep 30 14:55:09 CST 2021 (1632984909247)
2023-08-08 14:47:00,426 [FATAL] Updater:308 - Updater called before beeing initialized
2023-08-08 14:47:00,482 [WARN] DetailPanel:346 - Failed to get advertising image, set to default
2023-08-08 14:47:00,553 [FATAL] Updater:308 - Updater called before beeing initialized
2023-08-08 14:47:00,554 [FATAL] Updater:308 - Updater called before beeing initialized
2023-08-08 14:47:00,555 [FATAL] Updater:308 - Updater called before beeing initialized
2023-08-08 14:47:00,555 [WARN] DetailPanel:346 - Failed to get advertising image, set to default
2023-08-08 14:47:00,555 [FATAL] Updater:308 - Updater called before beeing initialized
2023-08-08 14:47:00,599 [ERROR] Updater:1120 - MainUpdater not yet initialized. External WinMGr cannot be set.
2023-08-08 14:47:00,608 [INFO] Updater:1056 - Updater Version found : 6.9.1
2023-08-08 14:47:00,624 [INFO] ApplicationProperties:184 - Using Application install path: C:\ST\STM32CubeIDE_1.11.2\STM32CubeIDE\plugins\com.st.stm32cube.common.mx_6.9.1.202307191849
2023-08-08 14:47:00,683 [INFO] MainUpdater:521 - Copy updater definitions from MX database
2023-08-08 14:47:00,746 [INFO] MainUpdater:2868 - connection check result : 10
2023-08-08 14:47:00,746 [INFO] MainUpdater:3562 - Updater definition file requires update
2023-08-08 14:47:00,747 [INFO] MainUpdater:285 - Updater Check For Update Now.
2023-08-08 14:47:00,747 [INFO] MicroXplorer:498 - Change Database Version : DB.6.0.91
2023-08-08 14:47:00,763 [INFO] McuFinderGlobals:63 - Set McuFinder mode to 2 (CubeIDE integrated)
2023-08-08 14:47:00,763 [INFO] UserAuth:179 - activating auth plugin
2023-08-08 14:47:00,764 [INFO] UserAuth:393 - Internet connection configuration mode: 1
2023-08-08 14:47:00,773 [INFO] JxBrowserEngine:151 - Initiate JxBrowser Engine with user profile folder
2023-08-08 14:47:00,783 [INFO] ServerAccessManage:473 - Download File updaters.zip
2023-08-08 14:47:00,850 [INFO] FileExtend:240 - Unzip File : updaters.zip
2023-08-08 14:47:00,850 [INFO] FileExtend:255 - Standard Zip Deflate
2023-08-08 14:47:01,192 [INFO] ServerAccessManage:473 - Download File PacksControlFlags.xml
2023-08-08 14:47:01,275 [WARN] MainUpdater:1189 - Updater busy. Cannot search thirdparties
2023-08-08 14:47:01,278 [INFO] ThirdPartyUpdaterWithRetryManager:96 - Updater plugin is busy. [1/15]
2023-08-08 14:47:01,307 [INFO] ServerAccessManage:473 - Download File cubemx.pidx
2023-08-08 14:47:01,428 [INFO] LoadServerUpdatesThread:373 - End of LoadServerUpdate Thread
2023-08-08 14:47:01,590 [INFO] CheckServerUpdateThread:120 - End of CheckServer Thread
2023-08-08 14:47:04,413 [WARN] PackLoader:240 - Cannot read IP mode file for STMicroelectronics.X-CUBE-SMBUS.2.1.0
2023-08-08 14:47:04,464 [WARN] PackLoader:240 - Cannot read IP mode file for STMicroelectronics.X-CUBE-AZRTOS-F7.1.1.0
2023-08-08 14:47:04,489 [WARN] PackLoader:240 - Cannot read IP mode file for STMicroelectronics.FP-SNS-MOTENV1.4.3.2
2023-08-08 14:47:04,513 [WARN] PackLoader:240 - Cannot read IP mode file for STMicroelectronics.X-CUBE-BLE1.6.2.4
2023-08-08 14:47:04,528 [WARN] PackLoader:240 - Cannot read IP mode file for STMicroelectronics.FP-SNS-FLIGHT1.5.0.2
2023-08-08 14:47:04,547 [WARN] PackLoader:240 - Cannot read IP mode file for STMicroelectronics.X-CUBE-DISPLAY.3.0.0
2023-08-08 14:47:04,568 [WARN] PackLoader:240 - Cannot read IP mode file for emotas.I-CUBE-CANOPEN.1.3.0
2023-08-08 14:47:04,582 [WARN] PackLoader:240 - Cannot read IP mode file for STMicroelectronics.X-CUBE-TOUCHGFX.4.22.0
2023-08-08 14:47:04,605 [INFO] LogOutputStream:77 - [STDOUT_REDIRECT] 1 : Invalid condition id : UX_CORESTACK_Condition cause : null
2023-08-08 14:47:04,605 [INFO] LogOutputStream:77 - [STDOUT_REDIRECT] 1 : Invalid condition id : UX_CORESTACK_Condition cause : null
2023-08-08 14:47:04,607 [INFO] LogOutputStream:77 - [STDOUT_REDIRECT] 1 : Invalid condition id : UX_CORESTACK_Condition cause : null
2023-08-08 14:47:04,609 [INFO] LogOutputStream:77 - [STDOUT_REDIRECT] 1 : Invalid condition id : UX_CORESTACK_Condition cause : null
2023-08-08 14:47:04,611 [INFO] LogOutputStream:77 - [STDOUT_REDIRECT] 1 : Invalid condition id : UX_CORESTACK_Condition cause : null
2023-08-08 14:47:04,617 [INFO] WebApp:157 - Instantiating new browser for Auth
2023-08-08 14:47:04,618 [WARN] PackLoader:240 - Cannot read IP mode file for STMicroelectronics.X-CUBE-AZRTOS-WL.2.0.0
2023-08-08 14:47:04,638 [WARN] PackLoader:240 - Cannot read IP mode file for WES.I-CUBE-Cesium.1.3.0
2023-08-08 14:47:04,652 [WARN] PackLoader:240 - Cannot read IP mode file for STMicroelectronics.X-CUBE-BLE2.3.3.0
2023-08-08 14:47:04,675 [WARN] PackLoader:240 - Cannot read IP mode file for STMicroelectronics.X-CUBE-TOF1.3.2.0
2023-08-08 14:47:04,692 [WARN] PackLoader:240 - Cannot read IP mode file for STMicroelectronics.X-CUBE-TOUCHGFX.4.21.1
2023-08-08 14:47:04,705 [WARN] PackLoader:240 - Cannot read IP mode file for STMicroelectronics.X-CUBE-TOUCHGFX.4.21.3
2023-08-08 14:47:04,721 [WARN] PackLoader:240 - Cannot read IP mode file for STMicroelectronics.X-CUBE-ALGOBUILD.1.3.0
2023-08-08 14:47:04,753 [WARN] PackLoader:240 - Cannot read IP mode file for STMicroelectronics.X-CUBE-AZRTOS-G0.1.1.0
2023-08-08 14:47:04,773 [WARN] PackLoader:240 - Cannot read IP mode file for STMicroelectronics.X-CUBE-NFC4.3.0.0
2023-08-08 14:47:04,789 [WARN] PackLoader:240 - Cannot read IP mode file for AL94.I-CUBE-USBD-COMPOSITE.1.0.3
2023-08-08 14:47:04,914 [WARN] PackLoader:240 - Cannot read IP mode file for STMicroelectronics.X-CUBE-BLEMGR.1.3.0
2023-08-08 14:47:04,935 [WARN] PackLoader:240 - Cannot read IP mode file for STMicroelectronics.FP-ATR-SIGFOX1.3.2.0
2023-08-08 14:47:05,009 [WARN] PackLoader:240 - Cannot read IP mode file for STMicroelectronics.X-CUBE-MEMS1.9.5.0
2023-08-08 14:47:05,244 [WARN] PackLoader:240 - Cannot read IP mode file for SEGGER.I-CUBE-embOS.1.3.1
2023-08-08 14:47:05,316 [WARN] PackLoader:240 - Cannot read IP mode file for STMicroelectronics.X-CUBE-GNSS1.6.0.0
2023-08-08 14:47:05,361 [WARN] PackLoader:240 - Cannot read IP mode file for STMicroelectronics.X-CUBE-AZRTOS-F4.1.1.0
2023-08-08 14:47:05,366 [INFO] WebApp:753 - Register for checkConnection events
2023-08-08 14:47:05,367 [INFO] WebApp:390 - Apply proxy settings
2023-08-08 14:47:05,367 [INFO] WebApp:475 - Chromium requires no authentication
2023-08-08 14:47:05,376 [INFO] WebApp:418 - Direct internet connection detected
2023-08-08 14:47:05,381 [WARN] PackLoader:240 - Cannot read IP mode file for wolfSSL.I-CUBE-wolfSSL.5.6.3
2023-08-08 14:47:05,462 [WARN] PackLoader:240 - Cannot read IP mode file for STMicroelectronics.X-CUBE-MEMS1.9.6.0
2023-08-08 14:47:05,611 [WARN] PackLoader:240 - Cannot read IP mode file for emotas.I-CUBE-CANOPEN.1.1.3
2023-08-08 14:47:05,628 [INFO] WebApp:188 - Starting web application
2023-08-08 14:47:05,628 [INFO] WebApp:520 - Web application path used C:\ST\STM32CubeIDE_1.11.2\STM32CubeIDE\plugins\com.st.stm32cube.common.mx_6.9.1.202307191849\db\plugins\mcufinder\reactClient1\index.html
2023-08-08 14:47:05,628 [WARN] PackLoader:240 - Cannot read IP mode file for STMicroelectronics.X-CUBE-BLEMGR.2.0.0
2023-08-08 14:47:05,660 [WARN] ConditionMgr:438 - getConditionDescription Invalid condition id : UX DEVICE CLASS RTOS Condition cause : null
2023-08-08 14:47:05,661 [WARN] ConditionMgr:438 - getConditionDescription Invalid condition id : UX DEVICE CLASS RTOS Condition cause : null
2023-08-08 14:47:05,670 [WARN] PackLoader:240 - Cannot read IP mode file for STMicroelectronics.X-CUBE-AZRTOS-H7.3.1.0
2023-08-08 14:47:05,671 [WARN] ConditionMgr:1039 - genDependencies : Invalid condition id : UX DEVICE CLASS RTOS Condition cause : null
2023-08-08 14:47:05,671 [WARN] ConditionMgr:1039 - genDependencies : Invalid condition id : UX DEVICE CLASS RTOS Condition cause : null
2023-08-08 14:47:05,672 [WARN] ConditionMgr:1039 - genDependencies : Invalid condition id : UX DEVICE CLASS RTOS Condition cause : null
2023-08-08 14:47:05,673 [WARN] ConditionMgr:1039 - genDependencies : Invalid condition id : UX DEVICE CLASS RTOS Condition cause : null
2023-08-08 14:47:05,673 [WARN] ConditionMgr:1039 - genDependencies : Invalid condition id : UX DEVICE CLASS RTOS Condition cause : null
2023-08-08 14:47:05,687 [WARN] PackLoader:240 - Cannot read IP mode file for wolfSSL.I-CUBE-wolfSSL.5.5.4
2023-08-08 14:47:05,700 [WARN] PackLoader:240 - Cannot read IP mode file for STMicroelectronics.X-CUBE-NFC7.1.0.1
2023-08-08 14:47:05,716 [WARN] PackLoader:240 - Cannot read IP mode file for STMicroelectronics.X-CUBE-NFC7.1.0.0
2023-08-08 14:47:05,732 [WARN] PackLoader:240 - Cannot read IP mode file for STMicroelectronics.X-CUBE-EEPRMA1.4.1.0
2023-08-08 14:47:05,745 [WARN] PackLoader:240 - Cannot read IP mode file for STMicroelectronics.X-CUBE-AI.8.1.0
2023-08-08 14:47:05,775 [WARN] ConditionMgr:438 - getConditionDescription Invalid condition id : LAN8742 Phy interface Condition cause : null
2023-08-08 14:47:05,776 [WARN] PackLoader:240 - Cannot read IP mode file for STMicroelectronics.X-CUBE-AZRTOS-L4.2.0.0
2023-08-08 14:47:05,777 [WARN] ConditionMgr:1039 - genDependencies : Invalid condition id : LAN8742 Phy interface Condition cause : null
2023-08-08 14:47:05,778 [WARN] ConditionMgr:1039 - genDependencies : Invalid condition id : LAN8742 Phy interface Condition cause : null
2023-08-08 14:47:05,779 [WARN] ConditionMgr:1039 - genDependencies : Invalid condition id : LAN8742 Phy interface Condition cause : null
2023-08-08 14:47:05,799 [WARN] PackLoader:240 - Cannot read IP mode file for STMicroelectronics.X-CUBE-SFXS2LP1.4.0.0
2023-08-08 14:47:05,838 [WARN] PackLoader:240 - Cannot read IP mode file for STMicroelectronics.X-CUBE-AZRTOS-H7.3.0.0
2023-08-08 14:47:05,855 [WARN] PackLoader:240 - Cannot read IP mode file for STMicroelectronics.X-CUBE-ISPU.1.1.0
2023-08-08 14:47:05,870 [WARN] PackLoader:240 - Cannot read IP mode file for RoweBots.I-CUBE-UNISONRTOS.5.5.0-4
2023-08-08 14:47:05,887 [WARN] PackLoader:240 - Cannot read IP mode file for STMicroelectronics.X-CUBE-AI.8.0.0
2023-08-08 14:47:05,905 [WARN] PackLoader:240 - Cannot read IP mode file for STMicroelectronics.X-CUBE-FREERTOS.1.0.0
2023-08-08 14:47:05,918 [WARN] PackLoader:240 - Cannot read IP mode file for STMicroelectronics.X-CUBE-FREERTOS.1.0.1
2023-08-08 14:47:05,949 [WARN] PackLoader:240 - Cannot read IP mode file for STMicroelectronics.X-CUBE-AZRTOS-L5.1.1.0
2023-08-08 14:47:05,964 [WARN] PackLoader:240 - Cannot read IP mode file for STMicroelectronics.X-CUBE-AI.8.0.1
2023-08-08 14:47:05,986 [WARN] PackLoader:240 - Cannot read IP mode file for STMicroelectronics.X-CUBE-SUBG2.5.0.0
2023-08-08 14:47:06,011 [WARN] PackLoader:240 - Cannot read IP mode file for STMicroelectronics.X-CUBE-TOF1.3.3.1
2023-08-08 14:47:06,050 [WARN] PackLoader:240 - Cannot read IP mode file for STMicroelectronics.X-CUBE-AZRTOS-G4.2.0.0
2023-08-08 14:47:06,075 [WARN] PackLoader:240 - Cannot read IP mode file for STMicroelectronics.X-CUBE-TOF1.3.3.0
2023-08-08 14:47:06,101 [WARN] PackLoader:240 - Cannot read IP mode file for STMicroelectronics.FP-ATR-ASTRA1.1.1.1
2023-08-08 14:47:06,126 [WARN] PackLoader:240 - Cannot read IP mode file for STMicroelectronics.X-CUBE-AZRTOS-G4.1.0.0
2023-08-08 14:47:06,157 [WARN] PackLoader:240 - Cannot read IP mode file for STMicroelectronics.X-CUBE-AZRTOS-L4.1.0.0
2023-08-08 14:47:06,178 [WARN] PackLoader:240 - Cannot read IP mode file for STMicroelectronics.X-CUBE-AZRTOS-WL.1.0.0
2023-08-08 14:47:06,191 [WARN] PackLoader:240 - Cannot read IP mode file for portGmbH.I-Cube-SoM-uGOAL.1.1.0
2023-08-08 14:47:06,206 [WARN] PackLoader:240 - Cannot read IP mode file for STMicroelectronics.X-CUBE-ALS.1.0.1
2023-08-08 14:47:06,228 [WARN] PackLoader:240 - Cannot read IP mode file for STMicroelectronics.X-CUBE-AZRTOS-WB.1.1.0
2023-08-08 14:47:06,241 [WARN] PackLoader:240 - Cannot read IP mode file for STMicroelectronics.FP-ATR-ASTRA1.2.0.0
2023-08-08 14:47:06,241 [INFO] ThirdParty:978 - Integrity check success = true
2023-08-08 14:47:06,241 [INFO] IntegrityCheckThread:100 - exiting critical section [integrity check]
2023-08-08 14:47:06,241 [INFO] IntegrityCheckThread:103 - End integrity checks thread
2023-08-08 14:47:26,395 [ERROR] LogOutputStream:75 - [STDERR_REDIRECT] SLF4J: Failed to load class "org.slf4j.impl.StaticLoggerBinder".
2023-08-08 14:47:26,396 [ERROR] LogOutputStream:75 - [STDERR_REDIRECT] SLF4J: Defaulting to no-operation (NOP) logger implementation
2023-08-08 14:47:26,397 [ERROR] LogOutputStream:75 - [STDERR_REDIRECT] SLF4J: See http://www.slf4j.org/codes.html#StaticLoggerBinder for further details.
2023-08-08 14:47:51,890 [INFO] McuFinderGlobals:63 - Set McuFinder mode to 2 (CubeIDE integrated)
2023-08-08 14:47:51,907 [INFO] MainUpdater:2868 - connection check result : 10
2023-08-08 14:47:51,921 [INFO] McuFinderGlobals:76 - Set McuFinderConnectedMode to true
2023-08-08 14:47:52,208 [INFO] ServerAccessManage:473 - Download File mcusAds.json._tmp_
2023-08-08 14:47:52,321 [INFO] LoadUrlFilesThread:156 - End of LoadUrlFiles Thread
2023-08-08 14:47:52,500 [INFO] ServerAccessManage:473 - Download File cube-finder-db.zip
2023-08-08 14:47:52,953 [INFO] FileExtend:240 - Unzip File : cube-finder-db.zip
2023-08-08 14:47:52,954 [INFO] FileExtend:255 - Standard Zip Deflate
2023-08-08 14:47:53,485 [INFO] LoadUrlFilesThread:156 - End of LoadUrlFiles Thread
2023-08-08 14:47:54,863 [INFO] ServerAccessManage:473 - Download File crdb.zip
2023-08-08 14:47:56,477 [INFO] FileExtend:240 - Unzip File : crdb.zip
2023-08-08 14:47:56,477 [INFO] FileExtend:255 - Standard Zip Deflate
2023-08-08 14:47:56,607 [INFO] LoadUrlFilesThread:156 - End of LoadUrlFiles Thread
2023-08-08 14:47:56,730 [INFO] ServerAccessManage:473 - Download File tutoVideoDB.zip
2023-08-08 14:47:56,732 [INFO] FileExtend:240 - Unzip File : tutoVideoDB.zip
2023-08-08 14:47:56,732 [INFO] FileExtend:255 - Standard Zip Deflate
2023-08-08 14:47:56,856 [INFO] LoadUrlFilesThread:156 - End of LoadUrlFiles Thread
2023-08-08 14:47:56,857 [WARN] DbFile:41 - Overriding database path with different value: C:\Users\David\.stmcufinder\plugins\mcufinder/ => C:\Users\David\.stmcufinder\plugins\mcufinder
2023-08-08 14:47:56,979 [INFO] ServerAccessManage:473 - Download File api_config.json
2023-08-08 14:47:57,095 [INFO] LoadUrlFilesThread:156 - End of LoadUrlFiles Thread
2023-08-08 14:47:57,097 [INFO] DbMcusAds:53 - JSON generation date=Tue Mar 07 16:50:55 CST 2023 (1678179055114)
2023-08-08 14:47:57,108 [INFO] LoadUrlFilesThread:185 - End of LoadServerUrlFiles without Thread
2023-08-08 14:47:57,108 [INFO] TargetSelectorAdapter:259 - Refresh data is successful
2023-08-08 14:47:57,183 [INFO] ApiDb:581 - Connected to CubeFinder SQLite database (C:\Users\David\.stmcufinder\plugins\mcufinder\mcu\cube-finder-db.db)
2023-08-08 14:47:57,225 [INFO] ApiDb:668 - CubeFinder database Data Model version=2.1
2023-08-08 14:47:57,225 [INFO] ApiDb:669 - CubeFinder database Configuration version=3.0.37
2023-08-08 14:47:57,225 [INFO] ApiDb:670 - CubeFinder database generation date=2023-07-31 (1690792719)
2023-08-08 14:47:57,225 [INFO] ApiDb:671 - CubeFinder database FW Pack versions=[FP-ATR-ASTRA1_V2.0.0, FP-SNS-FLIGHT1_V5.0.1, FP-SNS-FLIGHT1_V5.0.2, FP-SNS-MOTENV1_V4.3.1, FP-SNS-MOTENV1_V4.3.2, STM32Cube_FW_C0_V1.1.0, STM32Cube_FW_F4_V1.27.1, STM32Cube_FW_F7_V1.17.0, STM32Cube_FW_G0_V1.6.1, STM32Cube_FW_G4_V1.5.1, STM32Cube_FW_H5_V0.5.1, STM32Cube_FW_H5_V1.1.0, STM32Cube_FW_H7_V1.11.0, STM32Cube_FW_L0_V1.12.2, STM32Cube_FW_L5_V1.5.0, STM32Cube_FW_U5_V1.3.0, STM32Cube_FW_U5_V1.3.0RC4, STM32Cube_FW_WBA_V1.0.0RC1, STM32Cube_FW_WBA_V1.1.0, STM32Cube_FW_WBA_V1.1.0RC1, STM32Cube_FW_WB_V1.15.0RC1, STM32Cube_FW_WB_V1.16.0, STM32Cube_FW_WB_V1.16.0RC2, STM32Cube_FW_WB_V1.17.0, STM32Cube_FW_WL_V1.3.0, X-CUBE-ALGOBUILD_V1.3.0, X-CUBE-ALS_V1.0.1, X-CUBE-AZRTOS-F4_V1.1.0, X-CUBE-AZRTOS-F7_V1.1.0, X-CUBE-AZRTOS-G0_V1.1.0, X-CUBE-AZRTOS-G4_V2.0.0, X-CUBE-AZRTOS-H7_V3.1.0, X-CUBE-AZRTOS-L4_V1.0.0, X-CUBE-AZRTOS-L4_V2.0.0, X-CUBE-AZRTOS-L5_V1.1.0, X-CUBE-AZRTOS-WB_V1.1.0, X-CUBE-AZRTOS-WL_V2.0.0, X-CUBE-BLE1_V6.2.4, X-CUBE-BLE2_V3.3.0, X-CUBE-BLEMGR_V2.0.0, X-CUBE-EEPRMA1_V4.1.0, X-CUBE-FREERTOS_V1.0.1, X-CUBE-GNSS1_V6.0.0, X-CUBE-MEMS1_V9.1.0, X-CUBE-MEMS1_V9.4.0, X-CUBE-MEMS1_V9.6.0, X-CUBE-NFC4_V3.0.0, X-CUBE-NFC7_V1.0.0, X-CUBE-SFXS2LP1_V4.0.0, X-CUBE-SUBG2_V5.0.0]
2023-08-08 14:47:58,634 [INFO] ApiDb:240 - Found 323 in-development CPN: [B-G473E-ZEST1S, B-WB1M-WPAN1, B-WL5M-SUBG1, NUCLEO-C031C6, NUCLEO-H503RB, NUCLEO-H563ZI, NUCLEO-U545RE-Q, NUCLEO-U5A5ZJ-Q, NUCLEO-WBA52CG, STEVAL-PROTEUS1, STEVAL-SMARTAG2, STEVAL-STWINBX1, STM320518-EVAL, STM32C0116-DK, STM32C011D6Y3TR, STM32C011D6Y6TR, STM32C011F4P3, STM32C011F4P6, STM32C011F4U3, STM32C011F4U6TR, STM32C011F6P3, STM32C011F6P6, STM32C011F6U3, STM32C011F6U6TR, STM32C011J4M3, STM32C011J4M6, STM32C011J6M3, STM32C011J6M6, STM32C0316-DK, STM32C031C4T3, STM32C031C4T6, STM32C031C4U3, STM32C031C4U6, STM32C031C6T3, STM32C031C6T6, STM32C031C6U3, STM32C031C6U6, STM32C031F4P3, STM32C031F4P6, STM32C031F6P3, STM32C031F6P6, STM32C031G4U3, STM32C031G4U6, STM32C031G6U3, STM32C031G6U6, STM32C031K4T3, STM32C031K4T6, STM32C031K4U3, STM32C031K4U6, STM32C031K6T3, STM32C031K6T6, STM32C031K6U3, STM32C031K6U6, STM32G071K8TXN, STM32G071K8UXN, STM32G081GBU6N, STM32G081KBT6N, STM32G081KBUXN, STM32G0B1CCT6N, STM32G0B1KCT6, STM32G0B1NEY6TR, STM32G0B1RCT6N, STM32G0C1CCT6, STM32G0C1CCT6N, STM32G0C1CCU6N, STM32G0C1CET6N, STM32G0C1CEU6N, STM32G0C1KCT6, STM32G0C1NEY6TR, STM32G0C1RCI6N, STM32G0C1RCT6N, STM32G0C1REI6N, STM32G0C1RET6N, STM32G0C1VCI6, STM32G0C1VEI6, STM32G471CCT6, STM32G471CCU6, STM32G471CET3, STM32G471CET6, STM32G471CEU3, STM32G471CEU6, STM32G471MCT6, STM32G471MET3, STM32G471MET6, STM32G471MEY6TR, STM32G471QCT6, STM32G471QET3, STM32G471RCT6, STM32G471RET3, STM32G471RET6, STM32G471VCH6, STM32G471VCI6, STM32G471VCT6, STM32G471VEH3, STM32G471VEH6, STM32G471VEI3, STM32G471VEI6, STM32G471VET3, STM32G471VET6, STM32G474CCT6, STM32H503CBT6, STM32H503CBU6, STM32H503EBY6TR, STM32H503KBU6, STM32H503RBT6, STM32H562AGI6, STM32H562AII6, STM32H562IGK6, STM32H562IGT6, STM32H562IIK6, STM32H562IIT6, STM32H562RGT6, STM32H562RGV6, STM32H562RIT6, STM32H562RIV6, STM32H562VGT6, STM32H562VIT6, STM32H562ZGT6, STM32H562ZIT6, STM32H563AGI6, STM32H563AII3Q, STM32H563AII6, STM32H563IGK6, STM32H563IGT6, STM32H563IIK3Q, STM32H563IIK6, STM32H563IIT3Q, STM32H563IIT6, STM32H563MIY3QTR, STM32H563RGT6, STM32H563RGV6, STM32H563RIT6, STM32H563RIV6, STM32H563VGT6, STM32H563VIT3Q, STM32H563VIT6, STM32H563ZGT6, STM32H563ZIT3Q, STM32H563ZIT6, STM32H573AII3Q, STM32H573AII6, STM32H573I-DK, STM32H573IIK3Q, STM32H573IIK6, STM32H573IIT3Q, STM32H573IIT6, STM32H573MIY3QTR, STM32H573RIT6, STM32H573RIV6, STM32H573VIT3Q, STM32H573VIT6, STM32H573ZIT3Q, STM32H573ZIT6, STM32L4R5QGI6STR, STM32MP131AAE3, STM32MP131AAF3, STM32MP131AAG3, STM32MP131CAE3, STM32MP131CAF3, STM32MP131CAG3, STM32MP131DAE7, STM32MP131DAF7, STM32MP131DAG7, STM32MP131FAE7, STM32MP131FAF7, STM32MP131FAG7, STM32MP133AAE3, STM32MP133AAF3, STM32MP133AAG3, STM32MP133CAE3, STM32MP133CAF3, STM32MP133CAG3, STM32MP133DAE7, STM32MP133DAF7, STM32MP133DAG7, STM32MP133FAE7, STM32MP133FAF7, STM32MP133FAG7, STM32MP135AAE3, STM32MP135AAF3, STM32MP135AAG3, STM32MP135CAE3, STM32MP135CAF3, STM32MP135CAG3, STM32MP135DAE7, STM32MP135DAF7, STM32MP135DAG7, STM32MP135F-DK, STM32MP135FAE7, STM32MP135FAF7, STM32MP135FAF7T, STM32MP135FAF7U, STM32MP135FAG7, STM32U535CBT6, STM32U535CBT6Q, STM32U535CBU6, STM32U535CBU6Q, STM32U535CCT6, STM32U535CCT6Q, STM32U535CCU6, STM32U535CCU6Q, STM32U535CET6, STM32U535CET6Q, STM32U535CEU6, STM32U535CEU6Q, STM32U535JEY6QTR, STM32U535NCY6QTR, STM32U535NEY6QTR, STM32U535RBI6, STM32U535RBI6Q, STM32U535RBT6, STM32U535RBT6Q, STM32U535RCI6, STM32U535RCI6Q, STM32U535RCT6, STM32U535RCT6Q, STM32U535REI6, STM32U535REI6Q, STM32U535RET6, STM32U535RET6Q, STM32U535VCI6, STM32U535VCI6Q, STM32U535VCT6, STM32U535VCT6Q, STM32U535VEI6, STM32U535VEI6Q, STM32U535VET6, STM32U535VET6Q, STM32U545CET6, STM32U545CET6Q, STM32U545CEU6, STM32U545CEU6Q, STM32U545JEY6QTR, STM32U545NEY6QTR, STM32U545REI6, STM32U545REI6Q, STM32U545RET6, STM32U545RET6Q, STM32U545VEI6, STM32U545VEI6Q, STM32U545VET6, STM32U545VET6Q, STM32U595AIH6, STM32U595AIH6Q, STM32U595AJH6, STM32U595AJH6Q, STM32U595QII6, STM32U595QII6Q, STM32U595QJI6, STM32U595QJI6Q, STM32U595RIT6, STM32U595RIT6Q, STM32U595RJT6, STM32U595RJT6Q, STM32U595VIT6, STM32U595VIT6Q, STM32U595VJT6, STM32U595VJT6Q, STM32U595ZIT6, STM32U595ZIT6Q, STM32U595ZIY6QTR, STM32U595ZJT6, STM32U595ZJT6Q, STM32U595ZJY6QTR, STM32U599BJY6QTR, STM32U599NIH6Q, STM32U599NJH6Q, STM32U599VIT6Q, STM32U599VJT6, STM32U599VJT6Q, STM32U599ZIT6Q, STM32U599ZIY6QTR, STM32U599ZJT6Q, STM32U599ZJY6QTR, STM32U5A5AJH6, STM32U5A5AJH6Q, STM32U5A5QJI6, STM32U5A5QJI6Q, STM32U5A5RJT6, STM32U5A5RJT6Q, STM32U5A5VJT6, STM32U5A5VJT6Q, STM32U5A5ZJT6, STM32U5A5ZJT6Q, STM32U5A5ZJY6QTR, STM32U5A9BJY6QTR, STM32U5A9J-DK, STM32U5A9NJH6Q, STM32U5A9VJT6Q, STM32U5A9ZJT6Q, STM32U5A9ZJY6QTR, STM32U5F7VIT6, STM32U5F7VIT6Q, STM32U5F7VJT6, STM32U5F7VJT6Q, STM32U5F9BJY6QTR, STM32U5F9NJH6Q, STM32U5F9VIT6Q, STM32U5F9VJT6Q, STM32U5F9ZIJ6QTR, STM32U5F9ZIT6Q, STM32U5F9ZJJ6QTR, STM32U5F9ZJT6Q, STM32U5G7VJT6, STM32U5G7VJT6Q, STM32U5G9BJY6QTR, STM32U5G9J-DK1, STM32U5G9J-DK2, STM32U5G9NJH6Q, STM32U5G9VJT6Q, STM32U5G9ZJJ6QTR, STM32U5G9ZJT6Q, STM32WB1MMCH6, STM32WBA52CEU6, STM32WBA52CEU6T, STM32WBA52CGU6, STM32WBA52CGU6T, STM32WBA52KEU6, STM32WBA52KEU6T, STM32WBA52KGU6, STM32WBA52KGU6T, STM32WL5MOCH6, STM32WL5MOCH6TR]
2023-08-08 14:47:58,640 [INFO] DbMcus:217 - Found 3848 MCUs, 3848 are supported
2023-08-08 14:47:58,640 [INFO] ApiDb:423 - Load user favorites file C:\Users\David/.stm32cubeide/favorites.mcus.txt: 0 item(s)
2023-08-08 14:47:58,640 [INFO] ApiDb:427 - User favorites MCUs=[]
2023-08-08 14:47:58,640 [INFO] DbMcus:223 - Set 0 / 0 favorites MCUs
2023-08-08 14:47:58,776 [INFO] ApiDb:668 - CubeFinder database Data Model version=2.1
2023-08-08 14:47:58,776 [INFO] ApiDb:669 - CubeFinder database Configuration version=3.0.37
2023-08-08 14:47:58,776 [INFO] ApiDb:670 - CubeFinder database generation date=2023-07-31 (1690792719)
2023-08-08 14:47:58,776 [INFO] ApiDb:671 - CubeFinder database FW Pack versions=[FP-ATR-ASTRA1_V2.0.0, FP-SNS-FLIGHT1_V5.0.1, FP-SNS-FLIGHT1_V5.0.2, FP-SNS-MOTENV1_V4.3.1, FP-SNS-MOTENV1_V4.3.2, STM32Cube_FW_C0_V1.1.0, STM32Cube_FW_F4_V1.27.1, STM32Cube_FW_F7_V1.17.0, STM32Cube_FW_G0_V1.6.1, STM32Cube_FW_G4_V1.5.1, STM32Cube_FW_H5_V0.5.1, STM32Cube_FW_H5_V1.1.0, STM32Cube_FW_H7_V1.11.0, STM32Cube_FW_L0_V1.12.2, STM32Cube_FW_L5_V1.5.0, STM32Cube_FW_U5_V1.3.0, STM32Cube_FW_U5_V1.3.0RC4, STM32Cube_FW_WBA_V1.0.0RC1, STM32Cube_FW_WBA_V1.1.0, STM32Cube_FW_WBA_V1.1.0RC1, STM32Cube_FW_WB_V1.15.0RC1, STM32Cube_FW_WB_V1.16.0, STM32Cube_FW_WB_V1.16.0RC2, STM32Cube_FW_WB_V1.17.0, STM32Cube_FW_WL_V1.3.0, X-CUBE-ALGOBUILD_V1.3.0, X-CUBE-ALS_V1.0.1, X-CUBE-AZRTOS-F4_V1.1.0, X-CUBE-AZRTOS-F7_V1.1.0, X-CUBE-AZRTOS-G0_V1.1.0, X-CUBE-AZRTOS-G4_V2.0.0, X-CUBE-AZRTOS-H7_V3.1.0, X-CUBE-AZRTOS-L4_V1.0.0, X-CUBE-AZRTOS-L4_V2.0.0, X-CUBE-AZRTOS-L5_V1.1.0, X-CUBE-AZRTOS-WB_V1.1.0, X-CUBE-AZRTOS-WL_V2.0.0, X-CUBE-BLE1_V6.2.4, X-CUBE-BLE2_V3.3.0, X-CUBE-BLEMGR_V2.0.0, X-CUBE-EEPRMA1_V4.1.0, X-CUBE-FREERTOS_V1.0.1, X-CUBE-GNSS1_V6.0.0, X-CUBE-MEMS1_V9.1.0, X-CUBE-MEMS1_V9.4.0, X-CUBE-MEMS1_V9.6.0, X-CUBE-NFC4_V3.0.0, X-CUBE-NFC7_V1.0.0, X-CUBE-SFXS2LP1_V4.0.0, X-CUBE-SUBG2_V5.0.0]
2023-08-08 14:47:58,816 [INFO] DbBoardsSqlite:226 - include board P-NUCLEO-WB55-NUCLEO as a kit item of type 'Nucleo-64'
2023-08-08 14:47:58,817 [INFO] DbBoardsSqlite:226 - include board P-NUCLEO-WB55-USBDONGLE as a kit item of type 'Nucleo USB Dongle'
2023-08-08 14:47:58,817 [INFO] DbBoardsSqlite:226 - include board STEVAL-IDP005V1 as a kit item of type 'Evaluation Board'
2023-08-08 14:47:58,817 [INFO] DbBoardsSqlite:226 - include board STEVAL-IDP005V2 as a kit item of type 'Evaluation Board'
2023-08-08 14:47:58,849 [INFO] ApiDb:240 - Found 323 in-development CPN: [B-G473E-ZEST1S, B-WB1M-WPAN1, B-WL5M-SUBG1, NUCLEO-C031C6, NUCLEO-H503RB, NUCLEO-H563ZI, NUCLEO-U545RE-Q, NUCLEO-U5A5ZJ-Q, NUCLEO-WBA52CG, STEVAL-PROTEUS1, STEVAL-SMARTAG2, STEVAL-STWINBX1, STM320518-EVAL, STM32C0116-DK, STM32C011D6Y3TR, STM32C011D6Y6TR, STM32C011F4P3, STM32C011F4P6, STM32C011F4U3, STM32C011F4U6TR, STM32C011F6P3, STM32C011F6P6, STM32C011F6U3, STM32C011F6U6TR, STM32C011J4M3, STM32C011J4M6, STM32C011J6M3, STM32C011J6M6, STM32C0316-DK, STM32C031C4T3, STM32C031C4T6, STM32C031C4U3, STM32C031C4U6, STM32C031C6T3, STM32C031C6T6, STM32C031C6U3, STM32C031C6U6, STM32C031F4P3, STM32C031F4P6, STM32C031F6P3, STM32C031F6P6, STM32C031G4U3, STM32C031G4U6, STM32C031G6U3, STM32C031G6U6, STM32C031K4T3, STM32C031K4T6, STM32C031K4U3, STM32C031K4U6, STM32C031K6T3, STM32C031K6T6, STM32C031K6U3, STM32C031K6U6, STM32G071K8TXN, STM32G071K8UXN, STM32G081GBU6N, STM32G081KBT6N, STM32G081KBUXN, STM32G0B1CCT6N, STM32G0B1KCT6, STM32G0B1NEY6TR, STM32G0B1RCT6N, STM32G0C1CCT6, STM32G0C1CCT6N, STM32G0C1CCU6N, STM32G0C1CET6N, STM32G0C1CEU6N, STM32G0C1KCT6, STM32G0C1NEY6TR, STM32G0C1RCI6N, STM32G0C1RCT6N, STM32G0C1REI6N, STM32G0C1RET6N, STM32G0C1VCI6, STM32G0C1VEI6, STM32G471CCT6, STM32G471CCU6, STM32G471CET3, STM32G471CET6, STM32G471CEU3, STM32G471CEU6, STM32G471MCT6, STM32G471MET3, STM32G471MET6, STM32G471MEY6TR, STM32G471QCT6, STM32G471QET3, STM32G471RCT6, STM32G471RET3, STM32G471RET6, STM32G471VCH6, STM32G471VCI6, STM32G471VCT6, STM32G471VEH3, STM32G471VEH6, STM32G471VEI3, STM32G471VEI6, STM32G471VET3, STM32G471VET6, STM32G474CCT6, STM32H503CBT6, STM32H503CBU6, STM32H503EBY6TR, STM32H503KBU6, STM32H503RBT6, STM32H562AGI6, STM32H562AII6, STM32H562IGK6, STM32H562IGT6, STM32H562IIK6, STM32H562IIT6, STM32H562RGT6, STM32H562RGV6, STM32H562RIT6, STM32H562RIV6, STM32H562VGT6, STM32H562VIT6, STM32H562ZGT6, STM32H562ZIT6, STM32H563AGI6, STM32H563AII3Q, STM32H563AII6, STM32H563IGK6, STM32H563IGT6, STM32H563IIK3Q, STM32H563IIK6, STM32H563IIT3Q, STM32H563IIT6, STM32H563MIY3QTR, STM32H563RGT6, STM32H563RGV6, STM32H563RIT6, STM32H563RIV6, STM32H563VGT6, STM32H563VIT3Q, STM32H563VIT6, STM32H563ZGT6, STM32H563ZIT3Q, STM32H563ZIT6, STM32H573AII3Q, STM32H573AII6, STM32H573I-DK, STM32H573IIK3Q, STM32H573IIK6, STM32H573IIT3Q, STM32H573IIT6, STM32H573MIY3QTR, STM32H573RIT6, STM32H573RIV6, STM32H573VIT3Q, STM32H573VIT6, STM32H573ZIT3Q, STM32H573ZIT6, STM32L4R5QGI6STR, STM32MP131AAE3, STM32MP131AAF3, STM32MP131AAG3, STM32MP131CAE3, STM32MP131CAF3, STM32MP131CAG3, STM32MP131DAE7, STM32MP131DAF7, STM32MP131DAG7, STM32MP131FAE7, STM32MP131FAF7, STM32MP131FAG7, STM32MP133AAE3, STM32MP133AAF3, STM32MP133AAG3, STM32MP133CAE3, STM32MP133CAF3, STM32MP133CAG3, STM32MP133DAE7, STM32MP133DAF7, STM32MP133DAG7, STM32MP133FAE7, STM32MP133FAF7, STM32MP133FAG7, STM32MP135AAE3, STM32MP135AAF3, STM32MP135AAG3, STM32MP135CAE3, STM32MP135CAF3, STM32MP135CAG3, STM32MP135DAE7, STM32MP135DAF7, STM32MP135DAG7, STM32MP135F-DK, STM32MP135FAE7, STM32MP135FAF7, STM32MP135FAF7T, STM32MP135FAF7U, STM32MP135FAG7, STM32U535CBT6, STM32U535CBT6Q, STM32U535CBU6, STM32U535CBU6Q, STM32U535CCT6, STM32U535CCT6Q, STM32U535CCU6, STM32U535CCU6Q, STM32U535CET6, STM32U535CET6Q, STM32U535CEU6, STM32U535CEU6Q, STM32U535JEY6QTR, STM32U535NCY6QTR, STM32U535NEY6QTR, STM32U535RBI6, STM32U535RBI6Q, STM32U535RBT6, STM32U535RBT6Q, STM32U535RCI6, STM32U535RCI6Q, STM32U535RCT6, STM32U535RCT6Q, STM32U535REI6, STM32U535REI6Q, STM32U535RET6, STM32U535RET6Q, STM32U535VCI6, STM32U535VCI6Q, STM32U535VCT6, STM32U535VCT6Q, STM32U535VEI6, STM32U535VEI6Q, STM32U535VET6, STM32U535VET6Q, STM32U545CET6, STM32U545CET6Q, STM32U545CEU6, STM32U545CEU6Q, STM32U545JEY6QTR, STM32U545NEY6QTR, STM32U545REI6, STM32U545REI6Q, STM32U545RET6, STM32U545RET6Q, STM32U545VEI6, STM32U545VEI6Q, STM32U545VET6, STM32U545VET6Q, STM32U595AIH6, STM32U595AIH6Q, STM32U595AJH6, STM32U595AJH6Q, STM32U595QII6, STM32U595QII6Q, STM32U595QJI6, STM32U595QJI6Q, STM32U595RIT6, STM32U595RIT6Q, STM32U595RJT6, STM32U595RJT6Q, STM32U595VIT6, STM32U595VIT6Q, STM32U595VJT6, STM32U595VJT6Q, STM32U595ZIT6, STM32U595ZIT6Q, STM32U595ZIY6QTR, STM32U595ZJT6, STM32U595ZJT6Q, STM32U595ZJY6QTR, STM32U599BJY6QTR, STM32U599NIH6Q, STM32U599NJH6Q, STM32U599VIT6Q, STM32U599VJT6, STM32U599VJT6Q, STM32U599ZIT6Q, STM32U599ZIY6QTR, STM32U599ZJT6Q, STM32U599ZJY6QTR, STM32U5A5AJH6, STM32U5A5AJH6Q, STM32U5A5QJI6, STM32U5A5QJI6Q, STM32U5A5RJT6, STM32U5A5RJT6Q, STM32U5A5VJT6, STM32U5A5VJT6Q, STM32U5A5ZJT6, STM32U5A5ZJT6Q, STM32U5A5ZJY6QTR, STM32U5A9BJY6QTR, STM32U5A9J-DK, STM32U5A9NJH6Q, STM32U5A9VJT6Q, STM32U5A9ZJT6Q, STM32U5A9ZJY6QTR, STM32U5F7VIT6, STM32U5F7VIT6Q, STM32U5F7VJT6, STM32U5F7VJT6Q, STM32U5F9BJY6QTR, STM32U5F9NJH6Q, STM32U5F9VIT6Q, STM32U5F9VJT6Q, STM32U5F9ZIJ6QTR, STM32U5F9ZIT6Q, STM32U5F9ZJJ6QTR, STM32U5F9ZJT6Q, STM32U5G7VJT6, STM32U5G7VJT6Q, STM32U5G9BJY6QTR, STM32U5G9J-DK1, STM32U5G9J-DK2, STM32U5G9NJH6Q, STM32U5G9VJT6Q, STM32U5G9ZJJ6QTR, STM32U5G9ZJT6Q, STM32WB1MMCH6, STM32WBA52CEU6, STM32WBA52CEU6T, STM32WBA52CGU6, STM32WBA52CGU6T, STM32WBA52KEU6, STM32WBA52KEU6T, STM32WBA52KGU6, STM32WBA52KGU6T, STM32WL5MOCH6, STM32WL5MOCH6TR]
2023-08-08 14:47:58,927 [INFO] BoardInfo:880 - No configuration file found for board P-NUCLEO-WB55
2023-08-08 14:47:58,927 [INFO] DbBoards:157 - Kit is not supported: P-NUCLEO-WB55
2023-08-08 14:47:58,930 [INFO] BoardInfo:880 - No configuration file found for board STEVAL-BFA001V1B
2023-08-08 14:47:58,930 [INFO] DbBoards:157 - Kit is not supported: STEVAL-BFA001V1B
2023-08-08 14:47:58,931 [INFO] BoardInfo:880 - No configuration file found for board STEVAL-BFA001V2B
2023-08-08 14:47:58,931 [INFO] DbBoards:157 - Kit is not supported: STEVAL-BFA001V2B
2023-08-08 14:47:59,015 [INFO] DbBoards:161 - Found 190 boards, 187 are supported
2023-08-08 14:47:59,017 [INFO] ApiDb:423 - Load user favorites file C:\Users\David/.stm32cubeide/favorites.boards.txt: 0 item(s)
2023-08-08 14:47:59,017 [INFO] ApiDb:427 - User favorites Boards=[]
2023-08-08 14:47:59,017 [INFO] DbBoards:190 - Set 0 / 0 favorites Boards
2023-08-08 14:47:59,018 [INFO] ApiDb:668 - CubeFinder database Data Model version=2.1
2023-08-08 14:47:59,019 [INFO] ApiDb:669 - CubeFinder database Configuration version=3.0.37
2023-08-08 14:47:59,019 [INFO] ApiDb:670 - CubeFinder database generation date=2023-07-31 (1690792719)
2023-08-08 14:47:59,019 [INFO] ApiDb:671 - CubeFinder database FW Pack versions=[FP-ATR-ASTRA1_V2.0.0, FP-SNS-FLIGHT1_V5.0.1, FP-SNS-FLIGHT1_V5.0.2, FP-SNS-MOTENV1_V4.3.1, FP-SNS-MOTENV1_V4.3.2, STM32Cube_FW_C0_V1.1.0, STM32Cube_FW_F4_V1.27.1, STM32Cube_FW_F7_V1.17.0, STM32Cube_FW_G0_V1.6.1, STM32Cube_FW_G4_V1.5.1, STM32Cube_FW_H5_V0.5.1, STM32Cube_FW_H5_V1.1.0, STM32Cube_FW_H7_V1.11.0, STM32Cube_FW_L0_V1.12.2, STM32Cube_FW_L5_V1.5.0, STM32Cube_FW_U5_V1.3.0, STM32Cube_FW_U5_V1.3.0RC4, STM32Cube_FW_WBA_V1.0.0RC1, STM32Cube_FW_WBA_V1.1.0, STM32Cube_FW_WBA_V1.1.0RC1, STM32Cube_FW_WB_V1.15.0RC1, STM32Cube_FW_WB_V1.16.0, STM32Cube_FW_WB_V1.16.0RC2, STM32Cube_FW_WB_V1.17.0, STM32Cube_FW_WL_V1.3.0, X-CUBE-ALGOBUILD_V1.3.0, X-CUBE-ALS_V1.0.1, X-CUBE-AZRTOS-F4_V1.1.0, X-CUBE-AZRTOS-F7_V1.1.0, X-CUBE-AZRTOS-G0_V1.1.0, X-CUBE-AZRTOS-G4_V2.0.0, X-CUBE-AZRTOS-H7_V3.1.0, X-CUBE-AZRTOS-L4_V1.0.0, X-CUBE-AZRTOS-L4_V2.0.0, X-CUBE-AZRTOS-L5_V1.1.0, X-CUBE-AZRTOS-WB_V1.1.0, X-CUBE-AZRTOS-WL_V2.0.0, X-CUBE-BLE1_V6.2.4, X-CUBE-BLE2_V3.3.0, X-CUBE-BLEMGR_V2.0.0, X-CUBE-EEPRMA1_V4.1.0, X-CUBE-FREERTOS_V1.0.1, X-CUBE-GNSS1_V6.0.0, X-CUBE-MEMS1_V9.1.0, X-CUBE-MEMS1_V9.4.0, X-CUBE-MEMS1_V9.6.0, X-CUBE-NFC4_V3.0.0, X-CUBE-NFC7_V1.0.0, X-CUBE-SFXS2LP1_V4.0.0, X-CUBE-SUBG2_V5.0.0]
2023-08-08 14:47:59,575 [INFO] DbExamplesSqlite:395 - Ignored 27 examples not supported by CubeIDE
2023-08-08 14:47:59,575 [INFO] DbExamplesSqlite:396 - Found 7176 examples active
2023-08-08 14:47:59,575 [INFO] DbExamplesSqlite:397 - Found 677 examples obsolete
2023-08-08 14:47:59,575 [INFO] DbExamplesSqlite:398 - Found 0 examples under development
2023-08-08 14:47:59,575 [INFO] DbExamplesSqlite:399 - Found 74 examples not building
2023-08-08 14:47:59,576 [INFO] DbExamples:125 - Found 7223 examples
2023-08-08 14:47:59,584 [INFO] DbExamples:222 - Found 92 boards with related examples
2023-08-08 14:47:59,585 [INFO] DbExamples:235 - Found 78 MCUs with related examples
2023-08-08 14:47:59,599 [INFO] ApiDb:414 - User favorites file not found: C:\Users\David/.stm32cubeide/favorites.examples.txt
2023-08-08 14:47:59,599 [INFO] DbExamples:250 - Set 0 / 0 favorites Examples
2023-08-08 14:47:59,831 [INFO] McuFinderGlobals:76 - Set McuFinderConnectedMode to true
2023-08-08 14:47:59,838 [INFO] MultiScanPanel:200 - Auto-refresh data requested => check proxy status ongoing
2023-08-08 14:47:59,840 [INFO] FinderPluginLoader:95 - Searching for filters in installed packs
2023-08-08 14:48:00,901 [INFO] LoadUrlFilesThread:185 - End of LoadServerUrlFiles without Thread
2023-08-08 14:48:00,910 [INFO] DetailPanel:341 - Set advertising image to C:/Users/David/STM32Cube/Repository/\en.prom-stm32h5-mcu-finder.jpg
2023-08-08 14:48:54,330 [INFO] MainUpdater:2868 - connection check result : 10
2023-08-08 14:48:54,330 [INFO] MainUpdater:2868 - connection check result : 10
2023-08-08 14:48:54,364 [INFO] MicroXplorer:468 - Change Database Path : 
2023-08-08 14:48:54,364 [INFO] MicroXplorer:498 - Change Database Version : DB.6.0.91
2023-08-08 14:48:54,367 [WARN] ThirdParty:871 - waiting for thirdparty lock release [close project]
2023-08-08 14:48:54,367 [INFO] ThirdParty:873 - entering critical section [close project]
2023-08-08 14:48:54,367 [INFO] ThirdParty:883 - exiting critical section [close project]
2023-08-08 14:48:54,368 [INFO] PinOutPanel:1499 - setPackage(No Configuration,No Configuration)
2023-08-08 14:48:54,372 [INFO] UtilMem:75 - Begin LoadConfig() Used Memory: 521801168 Bytes (964689920)
2023-08-08 14:48:54,373 [INFO] MicroXplorer:468 - Change Database Path : 
2023-08-08 14:48:54,374 [INFO] MicroXplorer:498 - Change Database Version : DB.6.0.91
2023-08-08 14:48:54,374 [INFO] OpenFileManager:308 - Change cursor
2023-08-08 14:48:54,404 [INFO] Mcu:1946 - Initializing MCU STM32F401CCUx STM32F401CCUx STM32F401CCU6
2023-08-08 14:48:55,302 [INFO] Context:659 - Trying to add GPIOservice into a context  which must be forbidden
2023-08-08 14:48:55,543 [INFO] ImportTextPane:194 - (OptionalMessage_ERROR) Unable to find key (Mcu.ThirdPartyNb) in loaded IOC file
2023-08-08 14:48:55,543 [INFO] ImportTextPane:194 - (OptionalMessage_ERROR) Unable to find key (Mcu.PinsNb) in loaded IOC file
2023-08-08 14:48:55,543 [INFO] ImportTextPane:194 - (OptionalMessage_ERROR) Unable to find key (Mcu.IPNb) in loaded IOC file
2023-08-08 14:48:55,691 [INFO] RtosManager:555 - Registered RTOS mode: class=CMSIS, group=RTOS, mode=CMSIS_V1, owner=FREERTOS
2023-08-08 14:48:55,692 [INFO] RtosManager:555 - Registered RTOS mode: class=CMSIS, group=RTOS2, mode=CMSIS_V2, owner=FREERTOS
2023-08-08 14:48:55,692 [INFO] RtosManager:555 - Registered RTOS mode: class=RTOS, group=Core, mode=CMSIS_V1, owner=FREERTOS
2023-08-08 14:48:55,692 [INFO] RtosManager:555 - Registered RTOS mode: class=RTOS, group=Core, mode=CMSIS_V2, owner=FREERTOS
2023-08-08 14:48:55,692 [WARN] ModelIntegratedComponent:184 - Missing modes for component STMicroelectronics:FreeRTOS:0.0.1:STMicroelectronics:RTOS:FreeRTOS:Core:::10.2.0:
2023-08-08 14:48:55,695 [WARN] ModelIntegratedComponent:182 - Modes not found for component STMicroelectronics:USB_HOST:1.0.0:STMicroelectronics:USB::USB Host:Audio HS::1.0:USB_HOST_1_0_RESTRICTED_HS
2023-08-08 14:48:55,695 [WARN] ModelIntegratedComponent:188 - Modes not found for component STMicroelectronics:USB_HOST:1.0.0:STMicroelectronics:USB::USB Host:Audio HS::1.0:USB_HOST_1_0_RESTRICTED_HS
2023-08-08 14:48:55,695 [WARN] ModelIntegratedComponent:182 - Modes not found for component STMicroelectronics:USB_HOST:1.0.0:STMicroelectronics:USB::USB Host:CDC HS::1.0:USB_HOST_1_0_RESTRICTED_HS
2023-08-08 14:48:55,695 [WARN] ModelIntegratedComponent:188 - Modes not found for component STMicroelectronics:USB_HOST:1.0.0:STMicroelectronics:USB::USB Host:CDC HS::1.0:USB_HOST_1_0_RESTRICTED_HS
2023-08-08 14:48:55,695 [WARN] ModelIntegratedComponent:182 - Modes not found for component STMicroelectronics:USB_HOST:1.0.0:STMicroelectronics:USB::USB Host:MSC HS::1.0:USB_HOST_1_0_RESTRICTED_HS
2023-08-08 14:48:55,695 [WARN] ModelIntegratedComponent:188 - Modes not found for component STMicroelectronics:USB_HOST:1.0.0:STMicroelectronics:USB::USB Host:MSC HS::1.0:USB_HOST_1_0_RESTRICTED_HS
2023-08-08 14:48:55,695 [WARN] ModelIntegratedComponent:182 - Modes not found for component STMicroelectronics:USB_HOST:1.0.0:STMicroelectronics:USB::USB Host:HID HS::1.0:USB_HOST_1_0_RESTRICTED_HS
2023-08-08 14:48:55,695 [WARN] ModelIntegratedComponent:188 - Modes not found for component STMicroelectronics:USB_HOST:1.0.0:STMicroelectronics:USB::USB Host:HID HS::1.0:USB_HOST_1_0_RESTRICTED_HS
2023-08-08 14:48:55,695 [WARN] ModelIntegratedComponent:182 - Modes not found for component STMicroelectronics:USB_HOST:1.0.0:STMicroelectronics:USB::USB Host:MTP HS::1.0:USB_HOST_1_0_RESTRICTED_HS
2023-08-08 14:48:55,695 [WARN] ModelIntegratedComponent:188 - Modes not found for component STMicroelectronics:USB_HOST:1.0.0:STMicroelectronics:USB::USB Host:MTP HS::1.0:USB_HOST_1_0_RESTRICTED_HS
2023-08-08 14:48:55,704 [WARN] ModelIntegratedComponent:63 - No mode defined for component null
2023-08-08 14:48:55,704 [WARN] ModelIntegratedComponent:63 - No mode defined for component null
2023-08-08 14:48:55,704 [WARN] ModelIntegratedComponent:63 - No mode defined for component null
2023-08-08 14:48:55,704 [WARN] ModelIntegratedComponent:63 - No mode defined for component null
2023-08-08 14:48:55,704 [WARN] ModelIntegratedComponent:63 - No mode defined for component null
2023-08-08 14:48:55,704 [WARN] ModelIntegratedComponent:63 - No mode defined for component null
2023-08-08 14:48:55,704 [WARN] ModelIntegratedComponent:63 - No mode defined for component null
2023-08-08 14:48:55,704 [WARN] ModelIntegratedComponent:63 - No mode defined for component null
2023-08-08 14:48:55,704 [WARN] ModelIntegratedComponent:63 - No mode defined for component null
2023-08-08 14:48:55,704 [WARN] ModelIntegratedComponent:63 - No mode defined for component null
2023-08-08 14:48:55,705 [WARN] ModelIntegratedComponent:63 - No mode defined for component null
2023-08-08 14:48:55,705 [WARN] ModelIntegratedComponent:63 - No mode defined for component null
2023-08-08 14:48:55,705 [WARN] ModelIntegratedComponent:63 - No mode defined for component null
2023-08-08 14:48:55,705 [WARN] ModelIntegratedComponent:63 - No mode defined for component null
2023-08-08 14:48:55,705 [WARN] ModelIntegratedComponent:63 - No mode defined for component null
2023-08-08 14:48:55,705 [WARN] ModelIntegratedComponent:63 - No mode defined for component null
2023-08-08 14:48:55,705 [WARN] ModelIntegratedComponent:63 - No mode defined for component null
2023-08-08 14:48:55,705 [WARN] ModelIntegratedComponent:63 - No mode defined for component null
2023-08-08 14:48:55,705 [WARN] ModelIntegratedComponent:63 - No mode defined for component null
2023-08-08 14:48:55,705 [WARN] ModelIntegratedComponent:63 - No mode defined for component null
2023-08-08 14:48:55,705 [WARN] ModelIntegratedComponent:63 - No mode defined for component null
2023-08-08 14:48:55,705 [WARN] ModelIntegratedComponent:63 - No mode defined for component null
2023-08-08 14:48:55,705 [WARN] ModelIntegratedComponent:63 - No mode defined for component null
2023-08-08 14:48:55,705 [WARN] ModelIntegratedComponent:63 - No mode defined for component null
2023-08-08 14:48:55,705 [WARN] ModelIntegratedComponent:63 - No mode defined for component null
2023-08-08 14:48:55,705 [WARN] ModelIntegratedComponent:63 - No mode defined for component null
2023-08-08 14:48:55,705 [WARN] ModelIntegratedComponent:63 - No mode defined for component null
2023-08-08 14:48:55,705 [WARN] ModelIntegratedComponent:63 - No mode defined for component null
2023-08-08 14:48:55,705 [WARN] ModelIntegratedComponent:63 - No mode defined for component null
2023-08-08 14:48:55,705 [WARN] ModelIntegratedComponent:63 - No mode defined for component null
2023-08-08 14:48:55,705 [WARN] ModelIntegratedComponent:63 - No mode defined for component null
2023-08-08 14:48:55,705 [WARN] ModelIntegratedComponent:63 - No mode defined for component null
2023-08-08 14:48:55,705 [WARN] ModelIntegratedComponent:63 - No mode defined for component null
2023-08-08 14:48:55,770 [WARN] ModelIntegratedComponent:182 - Modes not found for component STMicroelectronics:USB_DEVICE:1.0.0:STMicroelectronics:USB::USB Device:Audio HS::1.0:USB_DEVICE_1_0_RESTRICTED_HS
2023-08-08 14:48:55,770 [WARN] ModelIntegratedComponent:188 - Modes not found for component STMicroelectronics:USB_DEVICE:1.0.0:STMicroelectronics:USB::USB Device:Audio HS::1.0:USB_DEVICE_1_0_RESTRICTED_HS
2023-08-08 14:48:55,770 [WARN] ModelIntegratedComponent:182 - Modes not found for component STMicroelectronics:USB_DEVICE:1.0.0:STMicroelectronics:USB::USB Device:CDC HS::1.0:USB_DEVICE_1_0_RESTRICTED_HS
2023-08-08 14:48:55,770 [WARN] ModelIntegratedComponent:188 - Modes not found for component STMicroelectronics:USB_DEVICE:1.0.0:STMicroelectronics:USB::USB Device:CDC HS::1.0:USB_DEVICE_1_0_RESTRICTED_HS
2023-08-08 14:48:55,770 [WARN] ModelIntegratedComponent:182 - Modes not found for component STMicroelectronics:USB_DEVICE:1.0.0:STMicroelectronics:USB::USB Device:DFU HS::1.0:USB_DEVICE_1_0_RESTRICTED_HS
2023-08-08 14:48:55,770 [WARN] ModelIntegratedComponent:188 - Modes not found for component STMicroelectronics:USB_DEVICE:1.0.0:STMicroelectronics:USB::USB Device:DFU HS::1.0:USB_DEVICE_1_0_RESTRICTED_HS
2023-08-08 14:48:55,770 [WARN] ModelIntegratedComponent:182 - Modes not found for component STMicroelectronics:USB_DEVICE:1.0.0:STMicroelectronics:USB::USB Device:HID HS::1.0:USB_DEVICE_1_0_RESTRICTED_HS
2023-08-08 14:48:55,770 [WARN] ModelIntegratedComponent:188 - Modes not found for component STMicroelectronics:USB_DEVICE:1.0.0:STMicroelectronics:USB::USB Device:HID HS::1.0:USB_DEVICE_1_0_RESTRICTED_HS
2023-08-08 14:48:55,770 [WARN] ModelIntegratedComponent:182 - Modes not found for component STMicroelectronics:USB_DEVICE:1.0.0:STMicroelectronics:USB::USB Device:Custom HID HS::1.0:USB_DEVICE_1_0_RESTRICTED_HS
2023-08-08 14:48:55,770 [WARN] ModelIntegratedComponent:188 - Modes not found for component STMicroelectronics:USB_DEVICE:1.0.0:STMicroelectronics:USB::USB Device:Custom HID HS::1.0:USB_DEVICE_1_0_RESTRICTED_HS
2023-08-08 14:48:55,770 [WARN] ModelIntegratedComponent:182 - Modes not found for component STMicroelectronics:USB_DEVICE:1.0.0:STMicroelectronics:USB::USB Device:MSC HS::1.0:USB_DEVICE_1_0_RESTRICTED_HS
2023-08-08 14:48:55,770 [WARN] ModelIntegratedComponent:188 - Modes not found for component STMicroelectronics:USB_DEVICE:1.0.0:STMicroelectronics:USB::USB Device:MSC HS::1.0:USB_DEVICE_1_0_RESTRICTED_HS
2023-08-08 14:48:55,781 [INFO] ThirdPartyModel:298 - Start build external matchings
2023-08-08 14:48:56,501 [INFO] ThirdPartyModel:316 - End build external matchings
2023-08-08 14:48:56,690 [INFO] UtilMem:75 - End LoadConfig() Used Memory: 634323152 Bytes (1073741824)
2023-08-08 14:48:56,736 [WARN] ThirdParty:833 - waiting for thirdparty lock release [change project]
2023-08-08 14:48:56,736 [INFO] ThirdParty:835 - entering critical section [change project]
2023-08-08 14:48:56,736 [INFO] ThirdParty:1030 - CMSIS Pack Vendor :STMicroelectronics X-CUBE-ISPU 1.1.0
2023-08-08 14:48:56,736 [INFO] ThirdParty:1030 - CMSIS Pack Vendor :STMicroelectronics USBPD 4.1
2023-08-08 14:48:56,736 [INFO] ThirdParty:1030 - CMSIS Pack Vendor :RoweBots I-CUBE-UNISONRTOS 5.5.0-4
2023-08-08 14:48:56,736 [INFO] ThirdParty:1030 - CMSIS Pack Vendor :STMicroelectronics X-CUBE-GNSS1 6.0.0
2023-08-08 14:48:56,736 [INFO] ThirdParty:1030 - CMSIS Pack Vendor :STMicroelectronics USB_HOST 2.0.0
2023-08-08 14:48:56,736 [INFO] ThirdParty:1030 - CMSIS Pack Vendor :STMicroelectronics X-CUBE-AZRTOS-F4 1.1.0
2023-08-08 14:48:56,736 [INFO] ThirdParty:1030 - CMSIS Pack Vendor :STMicroelectronics LIBJPEG 8.0.0
2023-08-08 14:48:56,736 [INFO] ThirdParty:1030 - CMSIS Pack Vendor :wolfSSL I-CUBE-wolfSSL 5.6.3
2023-08-08 14:48:56,736 [INFO] ThirdParty:1030 - CMSIS Pack Vendor :STMicroelectronics X-CUBE-SMBUS 2.1.0
2023-08-08 14:48:56,736 [INFO] ThirdParty:1030 - CMSIS Pack Vendor :STMicroelectronics USB_DEVICE 3.0.0
2023-08-08 14:48:56,736 [INFO] ThirdParty:1030 - CMSIS Pack Vendor :STMicroelectronics X-CUBE-AI 8.0.0
2023-08-08 14:48:56,736 [INFO] ThirdParty:1030 - CMSIS Pack Vendor :STMicroelectronics X-CUBE-FREERTOS 1.0.0
2023-08-08 14:48:56,736 [INFO] ThirdParty:1030 - CMSIS Pack Vendor :STMicroelectronics X-CUBE-FREERTOS 1.0.1
2023-08-08 14:48:56,736 [INFO] ThirdParty:1030 - CMSIS Pack Vendor :STMicroelectronics X-CUBE-TOUCHGFX 4.21.1
2023-08-08 14:48:56,736 [INFO] ThirdParty:1030 - CMSIS Pack Vendor :STMicroelectronics X-CUBE-TOUCHGFX 4.21.3
2023-08-08 14:48:56,736 [INFO] ThirdParty:1030 - CMSIS Pack Vendor :STMicroelectronics X-CUBE-AZRTOS-F7 1.1.0
2023-08-08 14:48:56,736 [INFO] ThirdParty:1030 - CMSIS Pack Vendor :STMicroelectronics USB_DEVICE 2.0.0
2023-08-08 14:48:56,736 [INFO] ThirdParty:1030 - CMSIS Pack Vendor :STMicroelectronics X-CUBE-MEMS1 9.6.0
2023-08-08 14:48:56,736 [INFO] ThirdParty:1030 - CMSIS Pack Vendor :STMicroelectronics FP-SNS-MOTENV1 4.3.2
2023-08-08 14:48:56,737 [INFO] ThirdParty:1030 - CMSIS Pack Vendor :STMicroelectronics X-CUBE-ALGOBUILD 1.3.0
2023-08-08 14:48:56,737 [INFO] ThirdParty:1030 - CMSIS Pack Vendor :STMicroelectronics X-CUBE-BLE1 6.2.4
2023-08-08 14:48:56,737 [INFO] ThirdParty:1030 - CMSIS Pack Vendor :STMicroelectronics X-CUBE-AZRTOS-L5 1.1.0
2023-08-08 14:48:56,737 [INFO] ThirdParty:1030 - CMSIS Pack Vendor :STMicroelectronics FreeRTOS 0.0.1
2023-08-08 14:48:56,737 [INFO] ThirdParty:1030 - CMSIS Pack Vendor :STMicroelectronics X-CUBE-AZRTOS-G0 1.1.0
2023-08-08 14:48:56,737 [INFO] ThirdParty:1030 - CMSIS Pack Vendor :emotas I-CUBE-CANOPEN 1.1.3
2023-08-08 14:48:56,737 [INFO] ThirdParty:1030 - CMSIS Pack Vendor :STMicroelectronics X-CUBE-BLEMGR 2.0.0
2023-08-08 14:48:56,737 [INFO] ThirdParty:1030 - CMSIS Pack Vendor :STMicroelectronics X-CUBE-AI 8.0.1
2023-08-08 14:48:56,737 [INFO] ThirdParty:1030 - CMSIS Pack Vendor :STMicroelectronics X-CUBE-NFC4 3.0.0
2023-08-08 14:48:56,737 [INFO] ThirdParty:1030 - CMSIS Pack Vendor :STMicroelectronics X-CUBE-SUBG2 5.0.0
2023-08-08 14:48:56,737 [INFO] ThirdParty:1030 - CMSIS Pack Vendor :STMicroelectronics STM32_WPAN 1.0.0
2023-08-08 14:48:56,737 [INFO] ThirdParty:1030 - CMSIS Pack Vendor :STMicroelectronics lwIP 2.0.3
2023-08-08 14:48:56,737 [INFO] ThirdParty:1030 - CMSIS Pack Vendor :STMicroelectronics FP-SNS-FLIGHT1 5.0.2
2023-08-08 14:48:56,737 [INFO] ThirdParty:1030 - CMSIS Pack Vendor :STMicroelectronics USB_HOST 1.0.0
2023-08-08 14:48:56,737 [INFO] ThirdParty:1030 - CMSIS Pack Vendor :STMicroelectronics X-CUBE-TOF1 3.3.1
2023-08-08 14:48:56,737 [INFO] ThirdParty:1030 - CMSIS Pack Vendor :AL94 I-CUBE-USBD-COMPOSITE 1.0.3
2023-08-08 14:48:56,737 [INFO] ThirdParty:1030 - CMSIS Pack Vendor :STMicroelectronics X-CUBE-AZRTOS-G4 2.0.0
2023-08-08 14:48:56,737 [INFO] ThirdParty:1030 - CMSIS Pack Vendor :STMicroelectronics PDM2PCM 3.1.0
2023-08-08 14:48:56,737 [INFO] ThirdParty:1030 - CMSIS Pack Vendor :STMicroelectronics X-CUBE-AZRTOS-H7 3.1.0
2023-08-08 14:48:56,737 [INFO] ThirdParty:1030 - CMSIS Pack Vendor :STMicroelectronics X-CUBE-TOF1 3.3.0
2023-08-08 14:48:56,737 [INFO] ThirdParty:1030 - CMSIS Pack Vendor :STMicroelectronics FP-ATR-ASTRA1 1.1.1
2023-08-08 14:48:56,737 [INFO] ThirdParty:1030 - CMSIS Pack Vendor :STMicroelectronics PDM2PCM 3.3.0
2023-08-08 14:48:56,737 [INFO] ThirdParty:1030 - CMSIS Pack Vendor :STMicroelectronics X-CUBE-DISPLAY 3.0.0
2023-08-08 14:48:56,737 [INFO] ThirdParty:1030 - CMSIS Pack Vendor :STMicroelectronics X-CUBE-BLEMGR 1.3.0
2023-08-08 14:48:56,737 [INFO] ThirdParty:1030 - CMSIS Pack Vendor :STMicroelectronics FP-ATR-SIGFOX1 3.2.0
2023-08-08 14:48:56,737 [INFO] ThirdParty:1030 - CMSIS Pack Vendor :STMicroelectronics X-CUBE-AZRTOS-G4 1.0.0
2023-08-08 14:48:56,737 [INFO] ThirdParty:1030 - CMSIS Pack Vendor :wolfSSL I-CUBE-wolfSSL 5.5.4
2023-08-08 14:48:56,737 [INFO] ThirdParty:1030 - CMSIS Pack Vendor :STMicroelectronics X-CUBE-AZRTOS-L4 1.0.0
2023-08-08 14:48:56,737 [INFO] ThirdParty:1030 - CMSIS Pack Vendor :STMicroelectronics HAL Drivers 0.0.0
2023-08-08 14:48:56,737 [INFO] ThirdParty:1030 - CMSIS Pack Vendor :STMicroelectronics MBEDTLS 2.16.2
2023-08-08 14:48:56,737 [INFO] ThirdParty:1030 - CMSIS Pack Vendor :emotas I-CUBE-CANOPEN 1.3.0
2023-08-08 14:48:56,737 [INFO] ThirdParty:1030 - CMSIS Pack Vendor :STMicroelectronics X-CUBE-TOUCHGFX 4.22.0
2023-08-08 14:48:56,737 [INFO] ThirdParty:1030 - CMSIS Pack Vendor :STMicroelectronics X-CUBE-NFC7 1.0.1
2023-08-08 14:48:56,737 [INFO] ThirdParty:1030 - CMSIS Pack Vendor :STMicroelectronics MBEDTLS 2.14.1
2023-08-08 14:48:56,737 [INFO] ThirdParty:1030 - CMSIS Pack Vendor :STMicroelectronics X-CUBE-NFC7 1.0.0
2023-08-08 14:48:56,737 [INFO] ThirdParty:1030 - CMSIS Pack Vendor :STMicroelectronics X-CUBE-AZRTOS-WL 1.0.0
2023-08-08 14:48:56,737 [INFO] ThirdParty:1030 - CMSIS Pack Vendor :STMicroelectronics X-CUBE-EEPRMA1 4.1.0
2023-08-08 14:48:56,737 [INFO] ThirdParty:1030 - CMSIS Pack Vendor :portGmbH I-Cube-SoM-uGOAL 1.1.0
2023-08-08 14:48:56,737 [INFO] ThirdParty:1030 - CMSIS Pack Vendor :STMicroelectronics X-CUBE-ALS 1.0.1
2023-08-08 14:48:56,737 [INFO] ThirdParty:1030 - CMSIS Pack Vendor :STMicroelectronics X-CUBE-MEMS1 9.5.0
2023-08-08 14:48:56,737 [INFO] ThirdParty:1030 - CMSIS Pack Vendor :STMicroelectronics ThreadX 1.0.0
2023-08-08 14:48:56,737 [INFO] ThirdParty:1030 - CMSIS Pack Vendor :STMicroelectronics X-CUBE-AZRTOS-WB 1.1.0
2023-08-08 14:48:56,738 [INFO] ThirdParty:1030 - CMSIS Pack Vendor :STMicroelectronics X-CUBE-AZRTOS-WL 2.0.0
2023-08-08 14:48:56,738 [INFO] ThirdParty:1030 - CMSIS Pack Vendor :SEGGER I-CUBE-embOS 1.3.1
2023-08-08 14:48:56,738 [INFO] ThirdParty:1030 - CMSIS Pack Vendor :STMicroelectronics USB_DEVICE 1.0.0
2023-08-08 14:48:56,738 [INFO] ThirdParty:1030 - CMSIS Pack Vendor :STMicroelectronics X-CUBE-AI 8.1.0
2023-08-08 14:48:56,738 [INFO] ThirdParty:1030 - CMSIS Pack Vendor :STMicroelectronics X-CUBE-AZRTOS-L4 2.0.0
2023-08-08 14:48:56,738 [INFO] ThirdParty:1030 - CMSIS Pack Vendor :STMicroelectronics ThreadX 0.0.2
2023-08-08 14:48:56,738 [INFO] ThirdParty:1030 - CMSIS Pack Vendor :WES I-CUBE-Cesium 1.3.0
2023-08-08 14:48:56,738 [INFO] ThirdParty:1030 - CMSIS Pack Vendor :STMicroelectronics FP-ATR-ASTRA1 2.0.0
2023-08-08 14:48:56,738 [INFO] ThirdParty:1030 - CMSIS Pack Vendor :STMicroelectronics lwIP 2.1.2
2023-08-08 14:48:56,738 [INFO] ThirdParty:1030 - CMSIS Pack Vendor :STMicroelectronics X-CUBE-SFXS2LP1 4.0.0
2023-08-08 14:48:56,738 [INFO] ThirdParty:1030 - CMSIS Pack Vendor :STMicroelectronics X-CUBE-BLE2 3.3.0
2023-08-08 14:48:56,738 [INFO] ThirdParty:1030 - CMSIS Pack Vendor :STMicroelectronics X-CUBE-TOF1 3.2.0
2023-08-08 14:48:56,738 [INFO] ThirdParty:1030 - CMSIS Pack Vendor :STMicroelectronics PDM2PCM 3.2.0
2023-08-08 14:48:56,738 [INFO] ThirdParty:1030 - CMSIS Pack Vendor :STMicroelectronics X-CUBE-AZRTOS-H7 3.0.0
2023-08-08 14:48:56,738 [INFO] ThirdParty:841 - exiting critical section [change project]
2023-08-08 14:48:56,932 [INFO] PinOutPanel:1499 - setPackage(No Configuration,No Configuration)
2023-08-08 14:48:56,934 [INFO] PinOutPanel:1499 - setPackage(STM32F401CCUx,UFQFPN48)
2023-08-08 14:48:57,303 [INFO] UtilMem:75 - Before build in PCC Used Memory: 626267888 Bytes (1073741824)
2023-08-08 14:48:57,934 [INFO] UtilMem:75 - After build in PCC Used Memory: 698103552 Bytes (1073741824)
2023-08-08 14:48:57,960 [INFO] IPUIPlugin:80 - create IPUIPlugin
2023-08-08 14:48:57,960 [INFO] IPUIPlugin:80 - create IPUIPlugin
2023-08-08 14:48:57,961 [INFO] IPUIPlugin:80 - create IPUIPlugin
2023-08-08 14:48:57,961 [INFO] IPUIPlugin:80 - create IPUIPlugin
2023-08-08 14:48:57,961 [INFO] IPUIPlugin:80 - create IPUIPlugin
2023-08-08 14:48:57,961 [INFO] IPUIPlugin:80 - create IPUIPlugin
2023-08-08 14:48:57,961 [INFO] IPUIPlugin:80 - create IPUIPlugin
2023-08-08 14:48:57,961 [INFO] IPUIPlugin:80 - create IPUIPlugin
2023-08-08 14:48:57,961 [INFO] IPUIPlugin:80 - create IPUIPlugin
2023-08-08 14:48:57,961 [INFO] IPUIPlugin:80 - create IPUIPlugin
2023-08-08 14:48:57,961 [INFO] IPUIPlugin:80 - create IPUIPlugin
2023-08-08 14:48:57,962 [INFO] IPUIPlugin:80 - create IPUIPlugin
2023-08-08 14:48:57,962 [INFO] IPUIPlugin:80 - create IPUIPlugin
2023-08-08 14:48:57,962 [INFO] IPUIPlugin:80 - create IPUIPlugin
2023-08-08 14:48:57,962 [INFO] IPUIPlugin:80 - create IPUIPlugin
2023-08-08 14:48:57,962 [INFO] IPUIPlugin:80 - create IPUIPlugin
2023-08-08 14:48:57,963 [INFO] IPUIPlugin:80 - create IPUIPlugin
2023-08-08 14:48:57,963 [INFO] IPUIPlugin:80 - create IPUIPlugin
2023-08-08 14:48:57,963 [INFO] IPUIPlugin:80 - create IPUIPlugin
2023-08-08 14:48:57,963 [INFO] IPUIPlugin:80 - create IPUIPlugin
2023-08-08 14:48:57,963 [INFO] IPUIPlugin:80 - create IPUIPlugin
2023-08-08 14:48:57,963 [INFO] IPUIPlugin:80 - create IPUIPlugin
2023-08-08 14:48:57,964 [INFO] IPUIPlugin:80 - create IPUIPlugin
2023-08-08 14:48:57,964 [INFO] IPUIPlugin:80 - create IPUIPlugin
2023-08-08 14:48:57,964 [INFO] IPUIPlugin:80 - create IPUIPlugin
2023-08-08 14:48:57,964 [INFO] IPUIPlugin:80 - create IPUIPlugin
2023-08-08 14:48:57,965 [INFO] IPUIPlugin:80 - create IPUIPlugin
2023-08-08 14:48:57,965 [INFO] IPUIPlugin:80 - create IPUIPlugin
2023-08-08 14:48:57,965 [INFO] IPUIPlugin:80 - create IPUIPlugin
2023-08-08 14:48:57,965 [INFO] IPUIPlugin:80 - create IPUIPlugin
2023-08-08 14:48:57,965 [INFO] IPUIPlugin:80 - create IPUIPlugin
2023-08-08 14:48:57,965 [INFO] IPUIPlugin:80 - create IPUIPlugin
2023-08-08 14:48:57,966 [INFO] IPUIPlugin:80 - create IPUIPlugin
2023-08-08 14:48:57,966 [INFO] IPUIPlugin:80 - create IPUIPlugin
2023-08-08 14:48:57,966 [INFO] IPUIPlugin:80 - create IPUIPlugin
2023-08-08 14:48:57,967 [INFO] IPUIPlugin:80 - create IPUIPlugin
2023-08-08 14:48:57,967 [INFO] IPUIPlugin:80 - create IPUIPlugin
2023-08-08 14:48:58,043 [INFO] ApiDbMcu:507 - Load IP Config File for PDM2PCM
2023-08-08 14:48:58,190 [INFO] CADModel:165 - CPN selected for project levelSTM32F401CCU6
2023-08-08 14:48:58,190 [INFO] CADModel:114 - Register for checkConnection events
2023-08-08 14:48:58,228 [INFO] OpenFileManager:328 - Restore cursor
2023-08-08 14:49:00,105 [INFO] UtilMem:75 - End SaveConfig() Used Memory: 801380080 Bytes (1073741824)
2023-08-08 14:49:00,146 [INFO] UtilMem:75 - End SaveConfig() Used Memory: 816586480 Bytes (1073741824)
2023-08-08 14:49:00,379 [INFO] BlockDiagram:2759 - set Specific Code input for plugin: NVIC
2023-08-08 14:49:00,379 [INFO] BlockDiagram:2759 - set Specific Code input for plugin: RCC
2023-08-08 14:49:00,380 [INFO] CodeGenerator:799 - code generatio: config db path: C:\ST\STM32CubeIDE_1.11.2\STM32CubeIDE\plugins\com.st.stm32cube.common.mx_6.9.1.202307191849\\db\
2023-08-08 14:49:00,611 [INFO] CodeEngine:255 - oldGeneratedFile, C:\Users\David\Source\Repos\STM32LibBackup\F401CCU6_Host\MXTmpFiles\license.tmp_save
2023-08-08 14:49:00,871 [INFO] CodeEngine:279 - Generated code: C:\Users\David\Source\Repos\STM32LibBackup\F401CCU6_Host\MXTmpFiles\license.tmp
2023-08-08 14:49:00,893 [INFO] CodeEngine:255 - oldGeneratedFile, C:\Users\David\Source\Repos\STM32LibBackup\F401CCU6_Host\Core\Src\stm32f4xx_it.c_save
2023-08-08 14:49:01,074 [INFO] CodeEngine:279 - Generated code: C:\Users\David\Source\Repos\STM32LibBackup\F401CCU6_Host\Core\Src\stm32f4xx_it.c
2023-08-08 14:49:01,085 [INFO] CodeEngine:255 - oldGeneratedFile, C:\Users\David\Source\Repos\STM32LibBackup\F401CCU6_Host\Core\Inc\stm32f4xx_it.h_save
2023-08-08 14:49:01,188 [INFO] CodeEngine:279 - Generated code: C:\Users\David\Source\Repos\STM32LibBackup\F401CCU6_Host\Core\Inc\stm32f4xx_it.h
2023-08-08 14:49:01,271 [INFO] CodeEngine:255 - oldGeneratedFile, C:\Users\David\Source\Repos\STM32LibBackup\F401CCU6_Host\Core\Src\stm32f4xx_hal_msp.c_save
2023-08-08 14:49:01,429 [INFO] CodeEngine:279 - Generated code: C:\Users\David\Source\Repos\STM32LibBackup\F401CCU6_Host\Core\Src\stm32f4xx_hal_msp.c
2023-08-08 14:49:01,438 [INFO] CodeEngine:255 - oldGeneratedFile, C:\Users\David\Source\Repos\STM32LibBackup\F401CCU6_Host\MXTmpFiles\system.tmp_save
2023-08-08 14:49:01,493 [INFO] CodeEngine:279 - Generated code: C:\Users\David\Source\Repos\STM32LibBackup\F401CCU6_Host\MXTmpFiles\system.tmp
2023-08-08 14:49:01,505 [INFO] CodeEngine:311 - oldGeneratedFile, C:\Users\David\Source\Repos\STM32LibBackup\F401CCU6_Host\Core\Inc\stm32f4xx_hal_conf.h_save
2023-08-08 14:49:01,594 [INFO] CodeEngine:335 - Generated code: C:\Users\David\Source\Repos\STM32LibBackup\F401CCU6_Host\Core\Inc\stm32f4xx_hal_conf.h
2023-08-08 14:49:01,662 [INFO] CodeEngine:255 - oldGeneratedFile, C:\Users\David\Source\Repos\STM32LibBackup\F401CCU6_Host\Core\Inc\main.h_save
2023-08-08 14:49:01,773 [INFO] CodeEngine:279 - Generated code: C:\Users\David\Source\Repos\STM32LibBackup\F401CCU6_Host\Core\Inc\main.h
2023-08-08 14:49:01,783 [INFO] CodeEngine:255 - oldGeneratedFile, C:\Users\David\Source\Repos\STM32LibBackup\F401CCU6_Host\Core\Src\main.c_save
2023-08-08 14:49:01,924 [INFO] CodeEngine:279 - Generated code: C:\Users\David\Source\Repos\STM32LibBackup\F401CCU6_Host\Core\Src\main.c
2023-08-08 14:49:02,241 [INFO] ProjectBuilder:3064 - Time for Copy HAL[1] : 83mS.
2023-08-08 14:49:02,246 [INFO] ProjectBuilder:4404 - Project Generator version: 4.1.0
2023-08-08 14:49:02,489 [INFO] ConfigFileManager:1457 - The Die is : DIE423
2023-08-08 14:49:02,505 [INFO] ApiDbMcu:507 - Load IP Config File for FATFS
2023-08-08 14:49:02,521 [INFO] ApiDbMcu:507 - Load IP Config File for FREERTOS
2023-08-08 14:49:02,530 [INFO] ApiDbMcu:507 - Load IP Config File for LIBJPEG
2023-08-08 14:49:02,544 [INFO] ApiDbMcu:507 - Load IP Config File for MBEDTLS
2023-08-08 14:49:02,559 [INFO] ApiDbMcu:507 - Load IP Config File for USB_DEVICE
2023-08-08 14:49:02,570 [INFO] ApiDbMcu:507 - Load IP Config File for USB_HOST
2023-08-08 14:49:03,393 [INFO] LogOutputStream:77 - [STDOUT_REDIRECT] 
2023-08-08 14:49:06,611 [INFO] ProjectBuilder:4626 - Time for Generating toolchain IDE Files: 4365mS.
2023-08-08 14:49:06,612 [INFO] ProjectBuilder:2935 - Time for Copy CMSIS : 1mS.
2023-08-08 14:49:06,614 [INFO] ProjectBuilder:2935 - Time for Copy CMSIS : 0mS.
2023-08-08 14:49:07,067 [ERROR] ConfigurationRetriever:142 - IOException on connection: artifactory.st.com
2023-08-08 14:49:07,068 [ERROR] ConfigurationRetriever:142 - IOException on connection: artifactory.st.com
2023-08-08 14:49:07,068 [ERROR] ConfigurationRetriever:142 - IOException on connection: artifactory.st.com
2023-08-08 14:49:07,281 [INFO] McuFinderGlobals:76 - Set McuFinderConnectedMode to true
2023-08-08 14:49:07,285 [INFO] ApiDb:448 - Save user favorites file C:\Users\David/.stm32cubeide/favorites.mcus.txt: 0 item(s)
2023-08-08 14:49:07,285 [INFO] ApiDb:452 - User favorites MCUs=[]
2023-08-08 14:59:34,011 [INFO] Gpio:273 - dependency for GPIO [RCC, SYS, USB_OTG_FS]
2023-08-08 15:01:27,094 [INFO] UtilMem:75 - End SaveConfig() Used Memory: 593456760 Bytes (811597824)
2023-08-08 15:01:29,809 [INFO] UtilMem:75 - End SaveConfig() Used Memory: 629485616 Bytes (811597824)
2023-08-08 15:01:34,070 [INFO] UtilMem:75 - End SaveConfig() Used Memory: 260379840 Bytes (811597824)
2023-08-08 15:01:34,189 [INFO] ProjectBuilder:2337 - IP not ready for code generation: Clock
2023-08-08 15:01:35,711 [INFO] BlockDiagram:2759 - set Specific Code input for plugin: USB_OTG_FS
2023-08-08 15:01:35,711 [INFO] BlockDiagram:2759 - set Specific Code input for plugin: NVIC
2023-08-08 15:01:35,711 [INFO] BlockDiagram:2759 - set Specific Code input for plugin: SYS
2023-08-08 15:01:35,711 [INFO] BlockDiagram:2759 - set Specific Code input for plugin: GPIO
2023-08-08 15:01:35,711 [INFO] BlockDiagram:2759 - set Specific Code input for plugin: RCC
2023-08-08 15:01:35,711 [INFO] BlockDiagram:2759 - set Specific Code input for plugin: CRC
2023-08-08 15:01:35,712 [INFO] CodeGenerator:799 - code generatio: config db path: C:\ST\STM32CubeIDE_1.11.2\STM32CubeIDE\plugins\com.st.stm32cube.common.mx_6.9.1.202307191849\\db\
2023-08-08 15:01:35,793 [INFO] CodeEngine:255 - oldGeneratedFile, C:\Users\David\Source\Repos\STM32LibBackup\F401CCU6_Host\MXTmpFiles\license.tmp_save
2023-08-08 15:01:35,851 [INFO] CodeEngine:279 - Generated code: C:\Users\David\Source\Repos\STM32LibBackup\F401CCU6_Host\MXTmpFiles\license.tmp
2023-08-08 15:01:35,888 [INFO] CodeEngine:255 - oldGeneratedFile, C:\Users\David\Source\Repos\STM32LibBackup\F401CCU6_Host\MXTmpFiles\gpio.tmp_save
2023-08-08 15:01:35,961 [INFO] CodeEngine:279 - Generated code: C:\Users\David\Source\Repos\STM32LibBackup\F401CCU6_Host\MXTmpFiles\gpio.tmp
2023-08-08 15:01:35,990 [WARN] IPConfigManager:99 - WARNING: Missing Config File for USB ip!!
2023-08-08 15:01:36,003 [WARN] IPConfigManager:2937 - Warning: the RefConfig PWREx_EnableUSBVoltageDetector is not available in your config.xml file
2023-08-08 15:01:36,017 [INFO] CodeEngine:255 - oldGeneratedFile, C:\Users\David\Source\Repos\STM32LibBackup\F401CCU6_Host\Core\Src\stm32f4xx_it.c_save
2023-08-08 15:01:36,075 [INFO] CodeEngine:279 - Generated code: C:\Users\David\Source\Repos\STM32LibBackup\F401CCU6_Host\Core\Src\stm32f4xx_it.c
2023-08-08 15:01:36,079 [INFO] CodeEngine:255 - oldGeneratedFile, C:\Users\David\Source\Repos\STM32LibBackup\F401CCU6_Host\Core\Inc\stm32f4xx_it.h_save
2023-08-08 15:01:36,127 [INFO] CodeEngine:279 - Generated code: C:\Users\David\Source\Repos\STM32LibBackup\F401CCU6_Host\Core\Inc\stm32f4xx_it.h
2023-08-08 15:01:36,143 [INFO] CodeEngine:255 - oldGeneratedFile, C:\Users\David\Source\Repos\STM32LibBackup\F401CCU6_Host\Core\Src\stm32f4xx_hal_msp.c_save
2023-08-08 15:01:36,233 [INFO] CodeEngine:279 - Generated code: C:\Users\David\Source\Repos\STM32LibBackup\F401CCU6_Host\Core\Src\stm32f4xx_hal_msp.c
2023-08-08 15:01:36,237 [INFO] CodeEngine:255 - oldGeneratedFile, C:\Users\David\Source\Repos\STM32LibBackup\F401CCU6_Host\MXTmpFiles\system.tmp_save
2023-08-08 15:01:36,283 [INFO] CodeEngine:279 - Generated code: C:\Users\David\Source\Repos\STM32LibBackup\F401CCU6_Host\MXTmpFiles\system.tmp
2023-08-08 15:01:36,296 [INFO] CodeEngine:311 - oldGeneratedFile, C:\Users\David\Source\Repos\STM32LibBackup\F401CCU6_Host\Core\Inc\stm32f4xx_hal_conf.h_save
2023-08-08 15:01:36,369 [INFO] CodeEngine:335 - Generated code: C:\Users\David\Source\Repos\STM32LibBackup\F401CCU6_Host\Core\Inc\stm32f4xx_hal_conf.h
2023-08-08 15:01:36,395 [WARN] IPConfigManager:3431 - IP not found : USB_OTG
2023-08-08 15:01:36,395 [WARN] CodeGenerator:3760 - IP not found : null
2023-08-08 15:01:36,407 [INFO] CodeEngine:255 - oldGeneratedFile, C:\Users\David\Source\Repos\STM32LibBackup\F401CCU6_Host\Core\Inc\main.h_save
2023-08-08 15:01:36,477 [INFO] CodeEngine:279 - Generated code: C:\Users\David\Source\Repos\STM32LibBackup\F401CCU6_Host\Core\Inc\main.h
2023-08-08 15:01:36,489 [INFO] CodeEngine:255 - oldGeneratedFile, C:\Users\David\Source\Repos\STM32LibBackup\F401CCU6_Host\Core\Src\main.c_save
2023-08-08 15:01:36,575 [INFO] CodeEngine:279 - Generated code: C:\Users\David\Source\Repos\STM32LibBackup\F401CCU6_Host\Core\Src\main.c
2023-08-08 15:01:36,882 [INFO] ProjectBuilder:3064 - Time for Copy HAL[1] : 95mS.
2023-08-08 15:01:36,884 [INFO] ProjectBuilder:4404 - Project Generator version: 4.1.0
2023-08-08 15:01:37,126 [INFO] ConfigFileManager:1457 - The Die is : DIE423
2023-08-08 15:01:38,409 [INFO] ProjectBuilder:4626 - Time for Generating toolchain IDE Files: 1525mS.
2023-08-08 15:01:38,409 [INFO] ProjectBuilder:2935 - Time for Copy CMSIS : 0mS.
2023-08-08 15:01:38,411 [INFO] ProjectBuilder:2935 - Time for Copy CMSIS : 0mS.
2023-08-08 15:01:38,444 [ERROR] ConfigurationRetriever:142 - IOException on connection: artifactory.st.com
2023-08-08 15:01:38,445 [ERROR] ConfigurationRetriever:142 - IOException on connection: artifactory.st.com
2023-08-08 15:01:38,445 [ERROR] ConfigurationRetriever:142 - IOException on connection: artifactory.st.com
2023-08-08 15:01:43,574 [ERROR] LogOutputStream:75 - [STDERR_REDIRECT] Exception in thread "AWT-EventQueue-0" java.lang.ClassCastException: class sun.awt.windows.WEmbeddedFrame cannot be cast to class javax.swing.JFrame (sun.awt.windows.WEmbeddedFrame and javax.swing.JFrame are in module java.desktop of loader 'bootstrap')
2023-08-08 15:01:43,575 [ERROR] LogOutputStream:75 - [STDERR_REDIRECT] 	at com.st.microxplorer.plugins.clock.ClockConfigurationView.activatePlugin(ClockConfigurationView.java:425)
2023-08-08 15:01:43,576 [ERROR] LogOutputStream:75 - [STDERR_REDIRECT] 	at com.st.microxplorer.maingui.MainPanel$1.stateChanged(MainPanel.java:367)
2023-08-08 15:01:43,577 [ERROR] LogOutputStream:75 - [STDERR_REDIRECT] 	at java.desktop/javax.swing.JTabbedPane.fireStateChanged(JTabbedPane.java:444)
2023-08-08 15:01:43,578 [ERROR] LogOutputStream:75 - [STDERR_REDIRECT] 	at java.desktop/javax.swing.JTabbedPane$ModelListener.stateChanged(JTabbedPane.java:295)
2023-08-08 15:01:43,579 [ERROR] LogOutputStream:75 - [STDERR_REDIRECT] 	at java.desktop/javax.swing.DefaultSingleSelectionModel.fireStateChanged(DefaultSingleSelectionModel.java:148)
2023-08-08 15:01:43,580 [ERROR] LogOutputStream:75 - [STDERR_REDIRECT] 	at java.desktop/javax.swing.DefaultSingleSelectionModel.setSelectedIndex(DefaultSingleSelectionModel.java:79)
2023-08-08 15:01:43,581 [ERROR] LogOutputStream:75 - [STDERR_REDIRECT] 	at java.desktop/javax.swing.JTabbedPane.setSelectedIndexImpl(JTabbedPane.java:648)
2023-08-08 15:01:43,582 [ERROR] LogOutputStream:75 - [STDERR_REDIRECT] 	at java.desktop/javax.swing.JTabbedPane.setSelectedIndex(JTabbedPane.java:623)
2023-08-08 15:01:43,583 [ERROR] LogOutputStream:75 - [STDERR_REDIRECT] 	at java.desktop/javax.swing.plaf.basic.BasicTabbedPaneUI$Handler.mousePressed(BasicTabbedPaneUI.java:4101)
2023-08-08 15:01:43,584 [ERROR] LogOutputStream:75 - [STDERR_REDIRECT] 	at java.desktop/java.awt.Component.processMouseEvent(Component.java:6623)
2023-08-08 15:01:43,585 [ERROR] LogOutputStream:75 - [STDERR_REDIRECT] 	at java.desktop/javax.swing.JComponent.processMouseEvent(JComponent.java:3389)
2023-08-08 15:01:43,585 [ERROR] LogOutputStream:75 - [STDERR_REDIRECT] 	at java.desktop/java.awt.Component.processEvent(Component.java:6391)
2023-08-08 15:01:43,586 [ERROR] LogOutputStream:75 - [STDERR_REDIRECT] 	at java.desktop/java.awt.Container.processEvent(Container.java:2266)
2023-08-08 15:01:43,587 [ERROR] LogOutputStream:75 - [STDERR_REDIRECT] 	at java.desktop/java.awt.Component.dispatchEventImpl(Component.java:5001)
2023-08-08 15:01:43,587 [ERROR] LogOutputStream:75 - [STDERR_REDIRECT] 	at java.desktop/java.awt.Container.dispatchEventImpl(Container.java:2324)
2023-08-08 15:01:43,588 [ERROR] LogOutputStream:75 - [STDERR_REDIRECT] 	at java.desktop/java.awt.Component.dispatchEvent(Component.java:4833)
2023-08-08 15:01:43,589 [ERROR] LogOutputStream:75 - [STDERR_REDIRECT] 	at java.desktop/java.awt.LightweightDispatcher.retargetMouseEvent(Container.java:4948)
2023-08-08 15:01:43,590 [ERROR] LogOutputStream:75 - [STDERR_REDIRECT] 	at java.desktop/java.awt.LightweightDispatcher.processMouseEvent(Container.java:4572)
2023-08-08 15:01:43,591 [ERROR] LogOutputStream:75 - [STDERR_REDIRECT] 	at java.desktop/java.awt.LightweightDispatcher.dispatchEvent(Container.java:4516)
2023-08-08 15:01:43,592 [ERROR] LogOutputStream:75 - [STDERR_REDIRECT] 	at java.desktop/java.awt.Container.dispatchEventImpl(Container.java:2310)
2023-08-08 15:01:43,592 [ERROR] LogOutputStream:75 - [STDERR_REDIRECT] 	at java.desktop/java.awt.Component.dispatchEvent(Component.java:4833)
2023-08-08 15:01:43,593 [ERROR] LogOutputStream:75 - [STDERR_REDIRECT] 	at java.desktop/java.awt.EventQueue.dispatchEventImpl(EventQueue.java:773)
2023-08-08 15:01:43,594 [ERROR] LogOutputStream:75 - [STDERR_REDIRECT] 	at java.desktop/java.awt.EventQueue$4.run(EventQueue.java:722)
2023-08-08 15:01:43,594 [ERROR] LogOutputStream:75 - [STDERR_REDIRECT] 	at java.desktop/java.awt.EventQueue$4.run(EventQueue.java:716)
2023-08-08 15:01:43,595 [ERROR] LogOutputStream:75 - [STDERR_REDIRECT] 	at java.base/java.security.AccessController.doPrivileged(AccessController.java:399)
2023-08-08 15:01:43,596 [ERROR] LogOutputStream:75 - [STDERR_REDIRECT] 	at java.base/java.security.ProtectionDomain$JavaSecurityAccessImpl.doIntersectionPrivilege(ProtectionDomain.java:86)
2023-08-08 15:01:43,597 [ERROR] LogOutputStream:75 - [STDERR_REDIRECT] 	at java.base/java.security.ProtectionDomain$JavaSecurityAccessImpl.doIntersectionPrivilege(ProtectionDomain.java:97)
2023-08-08 15:01:43,598 [ERROR] LogOutputStream:75 - [STDERR_REDIRECT] 	at java.desktop/java.awt.EventQueue$5.run(EventQueue.java:746)
2023-08-08 15:01:43,598 [ERROR] LogOutputStream:75 - [STDERR_REDIRECT] 	at java.desktop/java.awt.EventQueue$5.run(EventQueue.java:744)
2023-08-08 15:01:43,599 [ERROR] LogOutputStream:75 - [STDERR_REDIRECT] 	at java.base/java.security.AccessController.doPrivileged(AccessController.java:399)
2023-08-08 15:01:43,600 [ERROR] LogOutputStream:75 - [STDERR_REDIRECT] 	at java.base/java.security.ProtectionDomain$JavaSecurityAccessImpl.doIntersectionPrivilege(ProtectionDomain.java:86)
2023-08-08 15:01:43,601 [ERROR] LogOutputStream:75 - [STDERR_REDIRECT] 	at java.desktop/java.awt.EventQueue.dispatchEvent(EventQueue.java:743)
2023-08-08 15:01:43,601 [ERROR] LogOutputStream:75 - [STDERR_REDIRECT] 	at java.desktop/java.awt.EventDispatchThread.pumpOneEventForFilters(EventDispatchThread.java:203)
2023-08-08 15:01:43,602 [ERROR] LogOutputStream:75 - [STDERR_REDIRECT] 	at java.desktop/java.awt.EventDispatchThread.pumpEventsForFilter(EventDispatchThread.java:124)
2023-08-08 15:01:43,603 [ERROR] LogOutputStream:75 - [STDERR_REDIRECT] 	at java.desktop/java.awt.EventDispatchThread.pumpEventsForHierarchy(EventDispatchThread.java:113)
2023-08-08 15:01:43,604 [ERROR] LogOutputStream:75 - [STDERR_REDIRECT] 	at java.desktop/java.awt.EventDispatchThread.pumpEvents(EventDispatchThread.java:109)
2023-08-08 15:01:43,605 [ERROR] LogOutputStream:75 - [STDERR_REDIRECT] 	at java.desktop/java.awt.EventDispatchThread.pumpEvents(EventDispatchThread.java:101)
2023-08-08 15:01:43,606 [ERROR] LogOutputStream:75 - [STDERR_REDIRECT] 	at java.desktop/java.awt.EventDispatchThread.run(EventDispatchThread.java:90)
2023-08-08 15:01:46,145 [INFO] Gpio:273 - dependency for GPIO [RCC, SYS, USB_OTG_FS]
2023-08-08 15:01:51,303 [INFO] Gpio:273 - dependency for GPIO [RCC, SYS, USB_OTG_FS]
2023-08-08 15:01:56,920 [INFO] Gpio:273 - dependency for GPIO [RCC, SYS, USB_OTG_FS]
2023-08-08 15:02:00,256 [INFO] Gpio:273 - dependency for GPIO [RCC, SYS, USB_OTG_FS]
2023-08-08 15:02:01,939 [INFO] Gpio:273 - dependency for GPIO [RCC, SYS, USB_OTG_FS]
2023-08-08 15:02:16,848 [INFO] Gpio:273 - dependency for GPIO [RCC, SYS, USB_OTG_FS]
2023-08-08 15:02:29,181 [INFO] UtilMem:75 - End SaveConfig() Used Memory: 253011208 Bytes (838860800)
2023-08-08 15:02:29,235 [INFO] UtilMem:75 - End SaveConfig() Used Memory: 267425600 Bytes (838860800)
2023-08-08 15:02:29,700 [INFO] UtilMem:75 - End SaveConfig() Used Memory: 297051640 Bytes (838860800)
2023-08-08 15:02:29,858 [INFO] BlockDiagram:2759 - set Specific Code input for plugin: USB_OTG_FS
2023-08-08 15:02:29,858 [INFO] BlockDiagram:2759 - set Specific Code input for plugin: NVIC
2023-08-08 15:02:29,858 [INFO] BlockDiagram:2759 - set Specific Code input for plugin: SYS
2023-08-08 15:02:29,859 [INFO] BlockDiagram:2759 - set Specific Code input for plugin: GPIO
2023-08-08 15:02:29,859 [INFO] BlockDiagram:2759 - set Specific Code input for plugin: RCC
2023-08-08 15:02:29,859 [INFO] BlockDiagram:2759 - set Specific Code input for plugin: CRC
2023-08-08 15:02:29,859 [INFO] CodeGenerator:799 - code generatio: config db path: C:\ST\STM32CubeIDE_1.11.2\STM32CubeIDE\plugins\com.st.stm32cube.common.mx_6.9.1.202307191849\\db\
2023-08-08 15:02:29,946 [INFO] CodeEngine:255 - oldGeneratedFile, C:\Users\David\Source\Repos\STM32LibBackup\F401CCU6_Host\MXTmpFiles\license.tmp_save
2023-08-08 15:02:30,000 [INFO] CodeEngine:279 - Generated code: C:\Users\David\Source\Repos\STM32LibBackup\F401CCU6_Host\MXTmpFiles\license.tmp
2023-08-08 15:02:30,014 [INFO] CodeEngine:255 - oldGeneratedFile, C:\Users\David\Source\Repos\STM32LibBackup\F401CCU6_Host\MXTmpFiles\gpio.tmp_save
2023-08-08 15:02:30,070 [INFO] CodeEngine:279 - Generated code: C:\Users\David\Source\Repos\STM32LibBackup\F401CCU6_Host\MXTmpFiles\gpio.tmp
2023-08-08 15:02:30,090 [WARN] IPConfigManager:99 - WARNING: Missing Config File for USB ip!!
2023-08-08 15:02:30,100 [WARN] IPConfigManager:2937 - Warning: the RefConfig PWREx_EnableUSBVoltageDetector is not available in your config.xml file
2023-08-08 15:02:30,115 [INFO] CodeEngine:255 - oldGeneratedFile, C:\Users\David\Source\Repos\STM32LibBackup\F401CCU6_Host\Core\Src\stm32f4xx_it.c_save
2023-08-08 15:02:30,166 [INFO] CodeEngine:279 - Generated code: C:\Users\David\Source\Repos\STM32LibBackup\F401CCU6_Host\Core\Src\stm32f4xx_it.c
2023-08-08 15:02:30,169 [INFO] CodeEngine:255 - oldGeneratedFile, C:\Users\David\Source\Repos\STM32LibBackup\F401CCU6_Host\Core\Inc\stm32f4xx_it.h_save
2023-08-08 15:02:30,211 [INFO] CodeEngine:279 - Generated code: C:\Users\David\Source\Repos\STM32LibBackup\F401CCU6_Host\Core\Inc\stm32f4xx_it.h
2023-08-08 15:02:30,224 [INFO] CodeEngine:255 - oldGeneratedFile, C:\Users\David\Source\Repos\STM32LibBackup\F401CCU6_Host\Core\Src\stm32f4xx_hal_msp.c_save
2023-08-08 15:02:30,282 [INFO] CodeEngine:279 - Generated code: C:\Users\David\Source\Repos\STM32LibBackup\F401CCU6_Host\Core\Src\stm32f4xx_hal_msp.c
2023-08-08 15:02:30,285 [INFO] CodeEngine:255 - oldGeneratedFile, C:\Users\David\Source\Repos\STM32LibBackup\F401CCU6_Host\MXTmpFiles\system.tmp_save
2023-08-08 15:02:30,325 [INFO] CodeEngine:279 - Generated code: C:\Users\David\Source\Repos\STM32LibBackup\F401CCU6_Host\MXTmpFiles\system.tmp
2023-08-08 15:02:30,338 [INFO] CodeEngine:311 - oldGeneratedFile, C:\Users\David\Source\Repos\STM32LibBackup\F401CCU6_Host\Core\Inc\stm32f4xx_hal_conf.h_save
2023-08-08 15:02:30,410 [INFO] CodeEngine:335 - Generated code: C:\Users\David\Source\Repos\STM32LibBackup\F401CCU6_Host\Core\Inc\stm32f4xx_hal_conf.h
2023-08-08 15:02:30,429 [WARN] IPConfigManager:3431 - IP not found : USB_OTG
2023-08-08 15:02:30,429 [WARN] CodeGenerator:3760 - IP not found : null
2023-08-08 15:02:30,439 [INFO] CodeEngine:255 - oldGeneratedFile, C:\Users\David\Source\Repos\STM32LibBackup\F401CCU6_Host\Core\Inc\main.h_save
2023-08-08 15:02:30,492 [INFO] CodeEngine:279 - Generated code: C:\Users\David\Source\Repos\STM32LibBackup\F401CCU6_Host\Core\Inc\main.h
2023-08-08 15:02:30,503 [INFO] CodeEngine:255 - oldGeneratedFile, C:\Users\David\Source\Repos\STM32LibBackup\F401CCU6_Host\Core\Src\main.c_save
2023-08-08 15:02:30,588 [INFO] CodeEngine:279 - Generated code: C:\Users\David\Source\Repos\STM32LibBackup\F401CCU6_Host\Core\Src\main.c
2023-08-08 15:02:30,887 [INFO] ProjectBuilder:3064 - Time for Copy HAL[1] : 95mS.
2023-08-08 15:02:30,889 [INFO] ProjectBuilder:4404 - Project Generator version: 4.1.0
2023-08-08 15:02:31,204 [INFO] ConfigFileManager:1457 - The Die is : DIE423
2023-08-08 15:02:31,978 [INFO] ProjectBuilder:4626 - Time for Generating toolchain IDE Files: 1088mS.
2023-08-08 15:02:31,978 [INFO] ProjectBuilder:2935 - Time for Copy CMSIS : 0mS.
2023-08-08 15:02:31,980 [INFO] ProjectBuilder:2935 - Time for Copy CMSIS : 0mS.
2023-08-08 15:02:32,007 [ERROR] ConfigurationRetriever:142 - IOException on connection: artifactory.st.com
2023-08-08 15:02:32,008 [ERROR] ConfigurationRetriever:142 - IOException on connection: artifactory.st.com
2023-08-08 15:02:32,008 [ERROR] ConfigurationRetriever:142 - IOException on connection: artifactory.st.com
